0 verbose cli /data/data/com.termux/files/usr/bin/node /data/data/com.termux/files/usr/bin/npm
1 info using npm@10.9.2
2 info using node@v23.11.0
3 silly config load:file:/data/data/com.termux/files/usr/lib/node_modules/npm/npmrc
4 silly config load:file:/data/data/com.termux/files/home/WalletLoginTemplate/.npmrc
5 silly config load:file:/data/data/com.termux/files/home/.npmrc
6 silly config load:file:/data/data/com.termux/files/usr/etc/npmrc
7 verbose title npm install stream-browserify
8 verbose argv "install" "stream-browserify" "--save"
9 verbose logfile logs-max:10 dir:/data/data/com.termux/files/home/.npm/_logs/2025-05-24T04_51_31_818Z-
10 verbose logfile /data/data/com.termux/files/home/.npm/_logs/2025-05-24T04_51_31_818Z-debug-0.log
11 silly logfile start cleaning logs, removing 1 files
12 silly packumentCache heap:964689920 maxSize:241172480 maxEntrySize:120586240
13 silly logfile done cleaning log files
14 silly idealTree buildDeps
15 silly fetch manifest stream-browserify@*
16 silly packumentCache full:https://registry.npmjs.org/stream-browserify cache-miss
17 http fetch GET 200 https://registry.npmjs.org/stream-browserify 2176ms (cache revalidated)
18 silly packumentCache full:https://registry.npmjs.org/stream-browserify set size:31423 disposed:false
19 silly placeDep ROOT stream-browserify@3.0.0 REPLACE for: wallet-login-template@1.0.0 want: *
20 silly reify moves {}
21 silly audit bulk request {
21 silly audit   '@alloc/quick-lru': [ '5.2.0' ],
21 silly audit   '@ampproject/remapping': [ '2.3.0' ],
21 silly audit   '@babel/code-frame': [ '7.27.1' ],
21 silly audit   '@babel/compat-data': [ '7.27.2' ],
21 silly audit   '@babel/core': [ '7.27.1' ],
21 silly audit   semver: [ '6.3.1', '7.7.2' ],
21 silly audit   '@babel/eslint-parser': [ '7.27.1' ],
21 silly audit   'eslint-visitor-keys': [ '2.1.0', '3.4.3' ],
21 silly audit   '@babel/generator': [ '7.27.1' ],
21 silly audit   '@babel/helper-annotate-as-pure': [ '7.27.1' ],
21 silly audit   '@babel/helper-compilation-targets': [ '7.27.2' ],
21 silly audit   '@babel/helper-create-class-features-plugin': [ '7.27.1' ],
21 silly audit   '@babel/helper-create-regexp-features-plugin': [ '7.27.1' ],
21 silly audit   '@babel/helper-define-polyfill-provider': [ '0.6.4' ],
21 silly audit   '@babel/helper-member-expression-to-functions': [ '7.27.1' ],
21 silly audit   '@babel/helper-module-imports': [ '7.27.1' ],
21 silly audit   '@babel/helper-module-transforms': [ '7.27.1' ],
21 silly audit   '@babel/helper-optimise-call-expression': [ '7.27.1' ],
21 silly audit   '@babel/helper-plugin-utils': [ '7.27.1' ],
21 silly audit   '@babel/helper-remap-async-to-generator': [ '7.27.1' ],
21 silly audit   '@babel/helper-replace-supers': [ '7.27.1' ],
21 silly audit   '@babel/helper-skip-transparent-expression-wrappers': [ '7.27.1' ],
21 silly audit   '@babel/helper-string-parser': [ '7.27.1' ],
21 silly audit   '@babel/helper-validator-identifier': [ '7.27.1' ],
21 silly audit   '@babel/helper-validator-option': [ '7.27.1' ],
21 silly audit   '@babel/helper-wrap-function': [ '7.27.1' ],
21 silly audit   '@babel/helpers': [ '7.27.1' ],
21 silly audit   '@babel/parser': [ '7.27.2' ],
21 silly audit   '@babel/plugin-bugfix-firefox-class-in-computed-class-key': [ '7.27.1' ],
21 silly audit   '@babel/plugin-bugfix-safari-class-field-initializer-scope': [ '7.27.1' ],
21 silly audit   '@babel/plugin-bugfix-safari-id-destructuring-collision-in-function-expression': [ '7.27.1' ],
21 silly audit   '@babel/plugin-bugfix-v8-spread-parameters-in-optional-chaining': [ '7.27.1' ],
21 silly audit   '@babel/plugin-bugfix-v8-static-class-fields-redefine-readonly': [ '7.27.1' ],
21 silly audit   '@babel/plugin-proposal-class-properties': [ '7.18.6' ],
21 silly audit   '@babel/plugin-proposal-decorators': [ '7.27.1' ],
21 silly audit   '@babel/plugin-proposal-nullish-coalescing-operator': [ '7.18.6' ],
21 silly audit   '@babel/plugin-proposal-numeric-separator': [ '7.18.6' ],
21 silly audit   '@babel/plugin-proposal-optional-chaining': [ '7.21.0' ],
21 silly audit   '@babel/plugin-proposal-private-methods': [ '7.18.6' ],
21 silly audit   '@babel/plugin-proposal-private-property-in-object': [ '7.21.0-placeholder-for-preset-env.2', '7.21.11' ],
21 silly audit   '@babel/plugin-syntax-async-generators': [ '7.8.4' ],
21 silly audit   '@babel/plugin-syntax-bigint': [ '7.8.3' ],
21 silly audit   '@babel/plugin-syntax-class-properties': [ '7.12.13' ],
21 silly audit   '@babel/plugin-syntax-class-static-block': [ '7.14.5' ],
21 silly audit   '@babel/plugin-syntax-decorators': [ '7.27.1' ],
21 silly audit   '@babel/plugin-syntax-flow': [ '7.27.1' ],
21 silly audit   '@babel/plugin-syntax-import-assertions': [ '7.27.1' ],
21 silly audit   '@babel/plugin-syntax-import-attributes': [ '7.27.1' ],
21 silly audit   '@babel/plugin-syntax-import-meta': [ '7.10.4' ],
21 silly audit   '@babel/plugin-syntax-json-strings': [ '7.8.3' ],
21 silly audit   '@babel/plugin-syntax-jsx': [ '7.27.1' ],
21 silly audit   '@babel/plugin-syntax-logical-assignment-operators': [ '7.10.4' ],
21 silly audit   '@babel/plugin-syntax-nullish-coalescing-operator': [ '7.8.3' ],
21 silly audit   '@babel/plugin-syntax-numeric-separator': [ '7.10.4' ],
21 silly audit   '@babel/plugin-syntax-object-rest-spread': [ '7.8.3' ],
21 silly audit   '@babel/plugin-syntax-optional-catch-binding': [ '7.8.3' ],
21 silly audit   '@babel/plugin-syntax-optional-chaining': [ '7.8.3' ],
21 silly audit   '@babel/plugin-syntax-private-property-in-object': [ '7.14.5' ],
21 silly audit   '@babel/plugin-syntax-top-level-await': [ '7.14.5' ],
21 silly audit   '@babel/plugin-syntax-typescript': [ '7.27.1' ],
21 silly audit   '@babel/plugin-syntax-unicode-sets-regex': [ '7.18.6' ],
21 silly audit   '@babel/plugin-transform-arrow-functions': [ '7.27.1' ],
21 silly audit   '@babel/plugin-transform-async-generator-functions': [ '7.27.1' ],
21 silly audit   '@babel/plugin-transform-async-to-generator': [ '7.27.1' ],
21 silly audit   '@babel/plugin-transform-block-scoped-functions': [ '7.27.1' ],
21 silly audit   '@babel/plugin-transform-block-scoping': [ '7.27.1' ],
21 silly audit   '@babel/plugin-transform-class-properties': [ '7.27.1' ],
21 silly audit   '@babel/plugin-transform-class-static-block': [ '7.27.1' ],
21 silly audit   '@babel/plugin-transform-classes': [ '7.27.1' ],
21 silly audit   '@babel/plugin-transform-computed-properties': [ '7.27.1' ],
21 silly audit   '@babel/plugin-transform-destructuring': [ '7.27.1' ],
21 silly audit   '@babel/plugin-transform-dotall-regex': [ '7.27.1' ],
21 silly audit   '@babel/plugin-transform-duplicate-keys': [ '7.27.1' ],
21 silly audit   '@babel/plugin-transform-duplicate-named-capturing-groups-regex': [ '7.27.1' ],
21 silly audit   '@babel/plugin-transform-dynamic-import': [ '7.27.1' ],
21 silly audit   '@babel/plugin-transform-exponentiation-operator': [ '7.27.1' ],
21 silly audit   '@babel/plugin-transform-export-namespace-from': [ '7.27.1' ],
21 silly audit   '@babel/plugin-transform-flow-strip-types': [ '7.27.1' ],
21 silly audit   '@babel/plugin-transform-for-of': [ '7.27.1' ],
21 silly audit   '@babel/plugin-transform-function-name': [ '7.27.1' ],
21 silly audit   '@babel/plugin-transform-json-strings': [ '7.27.1' ],
21 silly audit   '@babel/plugin-transform-literals': [ '7.27.1' ],
21 silly audit   '@babel/plugin-transform-logical-assignment-operators': [ '7.27.1' ],
21 silly audit   '@babel/plugin-transform-member-expression-literals': [ '7.27.1' ],
21 silly audit   '@babel/plugin-transform-modules-amd': [ '7.27.1' ],
21 silly audit   '@babel/plugin-transform-modules-commonjs': [ '7.27.1' ],
21 silly audit   '@babel/plugin-transform-modules-systemjs': [ '7.27.1' ],
21 silly audit   '@babel/plugin-transform-modules-umd': [ '7.27.1' ],
21 silly audit   '@babel/plugin-transform-named-capturing-groups-regex': [ '7.27.1' ],
21 silly audit   '@babel/plugin-transform-new-target': [ '7.27.1' ],
21 silly audit   '@babel/plugin-transform-nullish-coalescing-operator': [ '7.27.1' ],
21 silly audit   '@babel/plugin-transform-numeric-separator': [ '7.27.1' ],
21 silly audit   '@babel/plugin-transform-object-rest-spread': [ '7.27.2' ],
21 silly audit   '@babel/plugin-transform-object-super': [ '7.27.1' ],
21 silly audit   '@babel/plugin-transform-optional-catch-binding': [ '7.27.1' ],
21 silly audit   '@babel/plugin-transform-optional-chaining': [ '7.27.1' ],
21 silly audit   '@babel/plugin-transform-parameters': [ '7.27.1' ],
21 silly audit   '@babel/plugin-transform-private-methods': [ '7.27.1' ],
21 silly audit   '@babel/plugin-transform-private-property-in-object': [ '7.27.1' ],
21 silly audit   '@babel/plugin-transform-property-literals': [ '7.27.1' ],
21 silly audit   '@babel/plugin-transform-react-constant-elements': [ '7.27.1' ],
21 silly audit   '@babel/plugin-transform-react-display-name': [ '7.27.1' ],
21 silly audit   '@babel/plugin-transform-react-jsx': [ '7.27.1' ],
21 silly audit   '@babel/plugin-transform-react-jsx-development': [ '7.27.1' ],
21 silly audit   '@babel/plugin-transform-react-pure-annotations': [ '7.27.1' ],
21 silly audit   '@babel/plugin-transform-regenerator': [ '7.27.1' ],
21 silly audit   '@babel/plugin-transform-regexp-modifiers': [ '7.27.1' ],
21 silly audit   '@babel/plugin-transform-reserved-words': [ '7.27.1' ],
21 silly audit   '@babel/plugin-transform-runtime': [ '7.27.1' ],
21 silly audit   '@babel/plugin-transform-shorthand-properties': [ '7.27.1' ],
21 silly audit   '@babel/plugin-transform-spread': [ '7.27.1' ],
21 silly audit   '@babel/plugin-transform-sticky-regex': [ '7.27.1' ],
21 silly audit   '@babel/plugin-transform-template-literals': [ '7.27.1' ],
21 silly audit   '@babel/plugin-transform-typeof-symbol': [ '7.27.1' ],
21 silly audit   '@babel/plugin-transform-typescript': [ '7.27.1' ],
21 silly audit   '@babel/plugin-transform-unicode-escapes': [ '7.27.1' ],
21 silly audit   '@babel/plugin-transform-unicode-property-regex': [ '7.27.1' ],
21 silly audit   '@babel/plugin-transform-unicode-regex': [ '7.27.1' ],
21 silly audit   '@babel/plugin-transform-unicode-sets-regex': [ '7.27.1' ],
21 silly audit   '@babel/preset-env': [ '7.27.2' ],
21 silly audit   '@babel/preset-modules': [ '0.1.6-no-external-plugins' ],
21 silly audit   '@babel/preset-react': [ '7.27.1' ],
21 silly audit   '@babel/preset-typescript': [ '7.27.1' ],
21 silly audit   '@babel/runtime': [ '7.27.1' ],
21 silly audit   '@babel/template': [ '7.27.2' ],
21 silly audit   '@babel/traverse': [ '7.27.1' ],
21 silly audit   '@babel/types': [ '7.27.1' ],
21 silly audit   '@bcoe/v8-coverage': [ '0.2.3' ],
21 silly audit   '@blocto/sdk': [ '0.2.22' ],
21 silly audit   'base-x': [ '3.0.11', '5.0.1', '4.0.1' ],
21 silly audit   bs58: [ '4.0.1', '6.0.0', '5.0.0' ],
21 silly audit   '@craco/craco': [ '7.1.0' ],
21 silly audit   '@cspotcode/source-map-support': [ '0.8.1' ],
21 silly audit   '@jridgewell/trace-mapping': [ '0.3.9', '0.3.25' ],
21 silly audit   '@csstools/normalize.css': [ '12.1.1' ],
21 silly audit   '@csstools/postcss-cascade-layers': [ '1.1.1' ],
21 silly audit   '@csstools/postcss-color-function': [ '1.1.1' ],
21 silly audit   '@csstools/postcss-font-format-keywords': [ '1.0.1' ],
21 silly audit   '@csstools/postcss-hwb-function': [ '1.0.2' ],
21 silly audit   '@csstools/postcss-ic-unit': [ '1.0.1' ],
21 silly audit   '@csstools/postcss-is-pseudo-class': [ '2.0.7' ],
21 silly audit   '@csstools/postcss-nested-calc': [ '1.0.0' ],
21 silly audit   '@csstools/postcss-normalize-display-values': [ '1.0.1' ],
21 silly audit   '@csstools/postcss-oklab-function': [ '1.1.1' ],
21 silly audit   '@csstools/postcss-progressive-custom-properties': [ '1.3.0' ],
21 silly audit   '@csstools/postcss-stepped-value-functions': [ '1.0.1' ],
21 silly audit   '@csstools/postcss-text-decoration-shorthand': [ '1.0.0' ],
21 silly audit   '@csstools/postcss-trigonometric-functions': [ '1.0.2' ],
21 silly audit   '@csstools/postcss-unset-value': [ '1.0.2' ],
21 silly audit   '@csstools/selector-specificity': [ '2.2.0' ],
21 silly audit   '@eslint-community/eslint-utils': [ '4.7.0' ],
21 silly audit   '@eslint-community/regexpp': [ '4.12.1' ],
21 silly audit   '@eslint/eslintrc': [ '2.1.4' ],
21 silly audit   argparse: [ '2.0.1', '1.0.10' ],
21 silly audit   globals: [ '13.24.0', '11.12.0' ],
21 silly audit   'js-yaml': [ '4.1.0', '3.14.1' ],
21 silly audit   'type-fest': [ '0.20.2', '0.7.1', '0.16.0', '0.21.3' ],
21 silly audit   '@eslint/js': [ '8.57.1' ],
21 silly audit   '@ethereumjs/rlp': [ '5.0.2' ],
21 silly audit   '@ethereumjs/util': [ '9.1.0' ],
21 silly audit   '@humanwhocodes/config-array': [ '0.13.0' ],
21 silly audit   '@humanwhocodes/module-importer': [ '1.0.1' ],
21 silly audit   '@humanwhocodes/object-schema': [ '2.0.3' ],
21 silly audit   '@isaacs/cliui': [ '8.0.2' ],
21 silly audit   'ansi-regex': [ '6.1.0', '5.0.1' ],
21 silly audit   'ansi-styles': [ '6.2.1', '5.2.0', '4.3.0', '3.2.1' ],
21 silly audit   'string-width': [ '5.1.2', '4.2.3' ],
21 silly audit   'strip-ansi': [ '7.1.0', '6.0.1' ],
21 silly audit   'wrap-ansi': [ '8.1.0', '7.0.0', '6.2.0' ],
21 silly audit   '@isaacs/ttlcache': [ '1.4.1' ],
21 silly audit   '@istanbuljs/load-nyc-config': [ '1.1.0' ],
21 silly audit   camelcase: [ '5.3.1', '6.3.0' ],
21 silly audit   '@istanbuljs/schema': [ '0.1.3' ],
21 silly audit   '@jest/console': [ '27.5.1', '28.1.3' ],
21 silly audit   '@jest/core': [ '27.5.1' ],
21 silly audit   '@jest/create-cache-key-function': [ '29.7.0' ],
21 silly audit   '@jest/types': [ '29.6.3', '27.5.1', '28.1.3' ],
21 silly audit   '@types/yargs': [ '17.0.33', '16.0.9' ],
21 silly audit   '@jest/environment': [ '27.5.1', '29.7.0' ],
21 silly audit   '@jest/fake-timers': [ '27.5.1', '29.7.0' ],
21 silly audit   '@jest/globals': [ '27.5.1' ],
21 silly audit   '@jest/reporters': [ '27.5.1' ],
21 silly audit   'source-map': [ '0.6.1', '0.5.7', '0.7.4', '0.8.0-beta.0' ],
21 silly audit   '@jest/schemas': [ '29.6.3', '28.1.3' ],
21 silly audit   '@jest/source-map': [ '27.5.1' ],
21 silly audit   '@jest/test-result': [ '27.5.1', '28.1.3' ],
21 silly audit   '@jest/test-sequencer': [ '27.5.1' ],
21 silly audit   '@jest/transform': [ '27.5.1', '29.7.0' ],
21 silly audit   'convert-source-map': [ '1.9.0', '2.0.0' ],
21 silly audit   '@jridgewell/gen-mapping': [ '0.3.8' ],
21 silly audit   '@jridgewell/resolve-uri': [ '3.1.2' ],
21 silly audit   '@jridgewell/set-array': [ '1.2.1' ],
21 silly audit   '@jridgewell/source-map': [ '0.3.6' ],
21 silly audit   '@jridgewell/sourcemap-codec': [ '1.5.0' ],
21 silly audit   '@json-rpc-tools/provider': [ '1.7.6' ],
21 silly audit   '@json-rpc-tools/types': [ '1.7.6' ],
21 silly audit   '@json-rpc-tools/utils': [ '1.7.6' ],
21 silly audit   '@ledgerhq/devices': [ '8.4.4' ],
21 silly audit   '@ledgerhq/errors': [ '6.19.1' ],
21 silly audit   '@ledgerhq/hw-transport': [ '6.31.4' ],
21 silly audit   '@ledgerhq/hw-transport-webhid': [ '6.30.0' ],
21 silly audit   '@ledgerhq/logs': [ '6.12.0' ],
21 silly audit   '@leichtgewicht/ip-codec': [ '2.0.5' ],
21 silly audit   '@nicolo-ribaudo/eslint-scope-5-internals': [ '5.1.1-v1' ],
21 silly audit   'eslint-scope': [ '5.1.1', '7.2.2' ],
21 silly audit   estraverse: [ '4.3.0', '5.3.0' ],
21 silly audit   '@noble/curves': [ '1.9.1', '1.4.2' ],
21 silly audit   '@noble/hashes': [ '1.8.0', '1.4.0' ],
21 silly audit   '@nodelib/fs.scandir': [ '2.1.5' ],
21 silly audit   '@nodelib/fs.stat': [ '2.0.5' ],
21 silly audit   '@nodelib/fs.walk': [ '1.2.8' ],
21 silly audit   '@pedrouid/environment': [ '1.0.1' ],
21 silly audit   '@pkgjs/parseargs': [ '0.11.0' ],
21 silly audit   '@pmmmwh/react-refresh-webpack-plugin': [ '0.5.16' ],
21 silly audit   '@project-serum/sol-wallet-adapter': [ '0.2.6' ],
21 silly audit   eventemitter3: [ '4.0.7', '5.0.1' ],
21 silly audit   '@react-native/assets-registry': [ '0.79.2' ],
21 silly audit   '@react-native/codegen': [ '0.79.2' ],
21 silly audit   cliui: [ '8.0.1', '6.0.0', '7.0.4' ],
21 silly audit   y18n: [ '5.0.8', '4.0.3' ],
21 silly audit   yargs: [ '17.7.2', '16.2.0', '15.4.1' ],
21 silly audit   'yargs-parser': [ '21.1.1', '20.2.9', '18.1.3' ],
21 silly audit   '@react-native/community-cli-plugin': [ '0.79.2' ],
21 silly audit   debug: [ '2.6.9', '4.4.1', '4.3.7', '3.2.7' ],
21 silly audit   ms: [ '2.0.0', '2.1.3' ],
21 silly audit   '@react-native/debugger-frontend': [ '0.79.2' ],
21 silly audit   '@react-native/dev-middleware': [ '0.79.2' ],
21 silly audit   open: [ '7.4.2', '8.4.2' ],
21 silly audit   ws: [ '6.2.3', '8.17.1', '8.18.2', '7.5.10' ],
21 silly audit   '@react-native/gradle-plugin': [ '0.79.2' ],
21 silly audit   '@react-native/js-polyfills': [ '0.79.2' ],
21 silly audit   '@react-native/normalize-colors': [ '0.79.2' ],
21 silly audit   '@rollup/plugin-babel': [ '5.3.1' ],
21 silly audit   '@rollup/plugin-node-resolve': [ '11.2.1' ],
21 silly audit   '@rollup/plugin-replace': [ '2.4.2' ],
21 silly audit   '@rollup/pluginutils': [ '3.1.0' ],
21 silly audit   '@types/estree': [ '0.0.39', '1.0.7' ],
21 silly audit   '@rtsao/scc': [ '1.1.0' ],
21 silly audit   '@rushstack/eslint-patch': [ '1.11.0' ],
21 silly audit   '@scure/base': [ '1.1.9' ],
21 silly audit   '@scure/bip32': [ '1.4.0' ],
21 silly audit   '@scure/bip39': [ '1.3.0' ],
21 silly audit   '@sinclair/typebox': [ '0.27.8', '0.24.51' ],
21 silly audit   '@sinonjs/commons': [ '1.8.6', '3.0.1' ],
21 silly audit   '@sinonjs/fake-timers': [ '8.1.0', '10.3.0' ],
21 silly audit   '@socket.io/component-emitter': [ '3.1.2' ],
21 silly audit   '@solana-mobile/mobile-wallet-adapter-protocol-web3js': [ '2.2.0' ],
21 silly audit   '@react-native/virtualized-lists': [ '0.79.2' ],
21 silly audit   '@solana-mobile/mobile-wallet-adapter-protocol': [ '2.2.1' ],
21 silly audit   'babel-jest': [ '29.7.0', '27.5.1' ],
21 silly audit   'babel-plugin-jest-hoist': [ '29.6.3', '27.5.1' ],
21 silly audit   'babel-preset-jest': [ '29.6.3', '27.5.1' ],
21 silly audit   commander: [ '12.1.0', '13.1.0', '2.20.3', '8.3.0', '7.2.0', '4.1.1' ],
21 silly audit   'jest-environment-node': [ '29.7.0', '27.5.1' ],
21 silly audit   'jest-haste-map': [ '29.7.0', '27.5.1' ],
21 silly audit   'jest-message-util': [ '29.7.0', '27.5.1', '28.1.3' ],
21 silly audit   'jest-mock': [ '29.7.0', '27.5.1' ],
21 silly audit   'jest-regex-util': [ '29.6.3', '27.5.1', '28.0.2' ],
21 silly audit   'jest-util': [ '29.7.0', '27.5.1', '28.1.3' ],
21 silly audit   'jest-worker': [ '29.7.0', '28.1.3', '27.5.1', '26.6.2' ],
21 silly audit   'pretty-format': [ '29.7.0', '28.1.3', '27.5.1' ],
21 silly audit   react: [ '19.1.0', '18.3.1' ],
21 silly audit   'react-is': [ '18.3.1', '16.13.1', '17.0.2' ],
21 silly audit   'react-native': [ '0.79.2' ],
21 silly audit   'react-refresh': [ '0.14.2', '0.11.0' ],
21 silly audit   scheduler: [ '0.25.0', '0.23.2' ],
21 silly audit   'supports-color': [ '8.1.1', '5.5.0', '7.2.0' ],
21 silly audit   'write-file-atomic': [ '4.0.2', '3.0.3' ],
21 silly audit   '@solana-mobile/wallet-adapter-mobile': [ '2.2.0' ],
21 silly audit   '@react-native-async-storage/async-storage': [ '1.24.0' ],
21 silly audit   '@solana-mobile/wallet-standard-mobile': [ '0.2.0' ],
21 silly audit   '@solana/buffer-layout': [ '4.0.1' ],
21 silly audit   '@solana/wallet-adapter-base': [ '0.9.26' ],
21 silly audit   '@solana/wallet-adapter-base-ui': [ '0.1.5' ],
21 silly audit   '@solana/wallet-adapter-bitkeep': [ '0.3.23' ],
21 silly audit   '@solana/wallet-adapter-bitpie': [ '0.5.21' ],
21 silly audit   '@solana/wallet-adapter-blocto': [ '0.5.22' ],
21 silly audit   '@solana/wallet-adapter-clover': [ '0.4.22' ],
21 silly audit   '@solana/wallet-adapter-coin98': [ '0.5.23' ],
21 silly audit   '@solana/wallet-adapter-coinhub': [ '0.3.21' ],
21 silly audit   '@solana/wallet-adapter-glow': [ '0.1.18' ],
21 silly audit   '@solana/wallet-adapter-huobi': [ '0.1.18' ],
21 silly audit   '@solana/wallet-adapter-ledger': [ '0.9.28' ],
21 silly audit   '@solana/wallet-adapter-mathwallet': [ '0.9.21' ],
21 silly audit   '@solana/wallet-adapter-phantom': [ '0.9.27' ],
21 silly audit   '@solana/wallet-adapter-react': [ '0.15.38' ],
21 silly audit   '@solana/wallet-adapter-react-ui': [ '0.9.38' ],
21 silly audit   '@solana/wallet-adapter-safepal': [ '0.5.21' ],
21 silly audit   '@solana/wallet-adapter-slope': [ '0.5.21' ],
21 silly audit   '@solana/wallet-adapter-solflare': [ '0.6.31' ],
21 silly audit   '@solana/wallet-adapter-sollet': [ '0.11.17' ],
21 silly audit   '@solana/wallet-adapter-solong': [ '0.9.21' ],
21 silly audit   '@solana/wallet-adapter-tokenpocket': [ '0.4.22' ],
21 silly audit   '@solana/wallet-adapter-torus': [ '0.11.31' ],
21 silly audit   '@solana/wallet-adapter-wallets': [ '0.15.5' ],
21 silly audit   '@solana/wallet-standard': [ '1.1.4' ],
21 silly audit   '@solana/wallet-standard-chains': [ '1.1.1' ],
21 silly audit   '@solana/wallet-standard-core': [ '1.1.2' ],
21 silly audit   '@solana/wallet-standard-features': [ '1.3.0' ],
21 silly audit   '@solana/wallet-standard-util': [ '1.1.2' ],
21 silly audit   '@solana/wallet-standard-wallet-adapter': [ '1.1.4' ],
21 silly audit   '@solana/wallet-standard-wallet-adapter-react': [ '1.1.4' ],
21 silly audit   '@solana/wallet-standard-wallet-adapter-base': [ '1.1.4' ],
21 silly audit   '@solana/web3.js': [ '1.98.2' ],
21 silly audit   '@solana/codecs-core': [ '2.1.1' ],
21 silly audit   '@solana/codecs-numbers': [ '2.1.1' ],
21 silly audit   '@solana/errors': [ '2.1.1' ],
21 silly audit   chalk: [ '5.4.1', '4.1.2', '2.4.2' ],
21 silly audit   typescript: [ '5.8.3', '4.9.5' ],
21 silly audit   '@solflare-wallet/metamask-sdk': [ '1.0.3' ],
21 silly audit   '@solflare-wallet/sdk': [ '1.4.2' ],
21 silly audit   '@surma/rollup-plugin-off-main-thread': [ '2.2.3' ],
21 silly audit   '@svgr/babel-plugin-add-jsx-attribute': [ '5.4.0' ],
21 silly audit   '@svgr/babel-plugin-remove-jsx-attribute': [ '5.4.0' ],
21 silly audit   '@svgr/babel-plugin-remove-jsx-empty-expression': [ '5.0.1' ],
21 silly audit   '@svgr/babel-plugin-replace-jsx-attribute-value': [ '5.0.1' ],
21 silly audit   '@svgr/babel-plugin-svg-dynamic-title': [ '5.4.0' ],
21 silly audit   '@svgr/babel-plugin-svg-em-dimensions': [ '5.4.0' ],
21 silly audit   '@svgr/babel-plugin-transform-react-native-svg': [ '5.4.0' ],
21 silly audit   '@svgr/babel-plugin-transform-svg-component': [ '5.5.0' ],
21 silly audit   '@svgr/babel-preset': [ '5.5.0' ],
21 silly audit   '@svgr/core': [ '5.5.0' ],
21 silly audit   '@svgr/hast-util-to-babel-ast': [ '5.5.0' ],
21 silly audit   '@svgr/plugin-jsx': [ '5.5.0' ],
21 silly audit   '@svgr/plugin-svgo': [ '5.5.0' ],
21 silly audit   '@svgr/webpack': [ '5.5.0' ],
21 silly audit   '@swc/helpers': [ '0.5.17' ],
21 silly audit   '@tootallnate/once': [ '1.1.2' ],
21 silly audit   '@toruslabs/base-controllers': [ '5.11.0' ],
21 silly audit   '@toruslabs/broadcast-channel': [ '10.0.2' ],
21 silly audit   '@toruslabs/constants': [ '13.4.0' ],
21 silly audit   '@toruslabs/eccrypto': [ '4.0.0' ],
21 silly audit   '@toruslabs/http-helpers': [ '6.1.1' ],
21 silly audit   '@toruslabs/metadata-helpers': [ '5.1.0' ],
21 silly audit   '@toruslabs/openlogin-jrpc': [ '8.3.0' ],
21 silly audit   '@toruslabs/openlogin-utils': [ '8.2.1' ],
21 silly audit   '@toruslabs/solana-embed': [ '2.1.0' ],
21 silly audit   '@trysound/sax': [ '0.2.0' ],
21 silly audit   '@tsconfig/node10': [ '1.0.11' ],
21 silly audit   '@tsconfig/node12': [ '1.0.11' ],
21 silly audit   '@tsconfig/node14': [ '1.0.3' ],
21 silly audit   '@tsconfig/node16': [ '1.0.4' ],
21 silly audit   '@types/babel__core': [ '7.20.5' ],
21 silly audit   '@types/babel__generator': [ '7.27.0' ],
21 silly audit   '@types/babel__template': [ '7.4.4' ],
21 silly audit   '@types/babel__traverse': [ '7.20.7' ],
21 silly audit   '@types/body-parser': [ '1.19.5' ],
21 silly audit   '@types/bonjour': [ '3.5.13' ],
21 silly audit   '@types/connect': [ '3.4.38' ],
21 silly audit   '@types/connect-history-api-fallback': [ '1.5.4' ],
21 silly audit   '@types/eslint': [ '8.56.12' ],
21 silly audit   '@types/eslint-scope': [ '3.7.7' ],
21 silly audit   '@types/express': [ '4.17.22' ],
21 silly audit   '@types/express-serve-static-core': [ '5.0.6', '4.19.6' ],
21 silly audit   '@types/graceful-fs': [ '4.1.9' ],
21 silly audit   '@types/html-minifier-terser': [ '6.1.0' ],
21 silly audit   '@types/http-errors': [ '2.0.4' ],
21 silly audit   '@types/http-proxy': [ '1.17.16' ],
21 silly audit   '@types/istanbul-lib-coverage': [ '2.0.6' ],
21 silly audit   '@types/istanbul-lib-report': [ '3.0.3' ],
21 silly audit   '@types/istanbul-reports': [ '3.0.4' ],
21 silly audit   '@types/json-schema': [ '7.0.15' ],
21 silly audit   '@types/json5': [ '0.0.29' ],
21 silly audit   '@types/mime': [ '1.3.5' ],
21 silly audit   '@types/node': [ '12.20.55' ],
21 silly audit   '@types/node-forge': [ '1.3.11' ],
21 silly audit   '@types/parse-json': [ '4.0.2' ],
21 silly audit   '@types/prettier': [ '2.7.3' ],
21 silly audit   '@types/q': [ '1.5.8' ],
21 silly audit   '@types/qs': [ '6.14.0' ],
21 silly audit   '@types/range-parser': [ '1.2.7' ],
21 silly audit   '@types/resolve': [ '1.17.1' ],
21 silly audit   '@types/retry': [ '0.12.0' ],
21 silly audit   '@types/semver': [ '7.7.0' ],
21 silly audit   '@types/send': [ '0.17.4' ],
21 silly audit   '@types/serve-index': [ '1.9.4' ],
21 silly audit   '@types/serve-static': [ '1.15.7' ],
21 silly audit   '@types/sockjs': [ '0.3.36' ],
21 silly audit   '@types/stack-utils': [ '2.0.3' ],
21 silly audit   '@types/trusted-types': [ '2.0.7' ],
21 silly audit   '@types/uuid': [ '8.3.4' ],
21 silly audit   '@types/ws': [ '7.4.7', '8.18.1' ],
21 silly audit   '@types/yargs-parser': [ '21.0.3' ],
21 silly audit   '@typescript-eslint/eslint-plugin': [ '5.62.0' ],
21 silly audit   '@typescript-eslint/experimental-utils': [ '5.62.0' ],
21 silly audit   '@typescript-eslint/parser': [ '5.62.0' ],
21 silly audit   '@typescript-eslint/scope-manager': [ '5.62.0' ],
21 silly audit   '@typescript-eslint/type-utils': [ '5.62.0' ],
21 silly audit   '@typescript-eslint/types': [ '5.62.0' ],
21 silly audit   '@typescript-eslint/typescript-estree': [ '5.62.0' ],
21 silly audit   '@typescript-eslint/utils': [ '5.62.0' ],
21 silly audit   '@typescript-eslint/visitor-keys': [ '5.62.0' ],
21 silly audit   '@ungap/structured-clone': [ '1.3.0' ],
21 silly audit   '@wallet-standard/app': [ '1.1.0' ],
21 silly audit   '@wallet-standard/base': [ '1.1.0' ],
21 silly audit   '@wallet-standard/core': [ '1.1.1' ],
21 silly audit   '@wallet-standard/errors': [ '0.1.1' ],
21 silly audit   '@wallet-standard/features': [ '1.1.0' ],
21 silly audit   '@wallet-standard/wallet': [ '1.1.0' ],
21 silly audit   '@webassemblyjs/ast': [ '1.14.1' ],
21 silly audit   '@webassemblyjs/floating-point-hex-parser': [ '1.13.2' ],
21 silly audit   '@webassemblyjs/helper-api-error': [ '1.13.2' ],
21 silly audit   '@webassemblyjs/helper-buffer': [ '1.14.1' ],
21 silly audit   '@webassemblyjs/helper-numbers': [ '1.13.2' ],
21 silly audit   '@webassemblyjs/helper-wasm-bytecode': [ '1.13.2' ],
21 silly audit   '@webassemblyjs/helper-wasm-section': [ '1.14.1' ],
21 silly audit   '@webassemblyjs/ieee754': [ '1.13.2' ],
21 silly audit   '@webassemblyjs/leb128': [ '1.13.2' ],
21 silly audit   '@webassemblyjs/utf8': [ '1.13.2' ],
21 silly audit   '@webassemblyjs/wasm-edit': [ '1.14.1' ],
21 silly audit   '@webassemblyjs/wasm-gen': [ '1.14.1' ],
21 silly audit   '@webassemblyjs/wasm-opt': [ '1.14.1' ],
21 silly audit   '@webassemblyjs/wasm-parser': [ '1.14.1' ],
21 silly audit   '@webassemblyjs/wast-printer': [ '1.14.1' ],
21 silly audit   '@xtuc/ieee754': [ '1.2.0' ],
21 silly audit   '@xtuc/long': [ '4.2.2' ],
21 silly audit   abab: [ '2.0.6' ],
21 silly audit   'abort-controller': [ '3.0.0' ],
21 silly audit   accepts: [ '1.3.8' ],
21 silly audit   negotiator: [ '0.6.3', '0.6.4' ],
21 silly audit   acorn: [ '8.14.1', '7.4.1' ],
21 silly audit   'acorn-globals': [ '6.0.0' ],
21 silly audit   'acorn-jsx': [ '5.3.2' ],
21 silly audit   'acorn-walk': [ '7.2.0', '8.3.4' ],
21 silly audit   address: [ '1.2.2' ],
21 silly audit   'adjust-sourcemap-loader': [ '4.0.0' ],
21 silly audit   'agent-base': [ '6.0.2', '7.1.3' ],
21 silly audit   agentkeepalive: [ '4.6.0' ],
21 silly audit   ajv: [ '6.12.6', '8.17.1' ],
21 silly audit   'ajv-formats': [ '2.1.1' ],
21 silly audit   'json-schema-traverse': [ '1.0.0', '0.4.1' ],
21 silly audit   'ajv-keywords': [ '3.5.2', '5.1.0' ],
21 silly audit   anser: [ '1.4.10' ],
21 silly audit   'ansi-escapes': [ '4.3.2' ],
21 silly audit   'ansi-html': [ '0.0.9' ],
21 silly audit   'ansi-html-community': [ '0.0.8' ],
21 silly audit   'any-promise': [ '1.3.0' ],
21 silly audit   anymatch: [ '3.1.3' ],
21 silly audit   arg: [ '5.0.2', '4.1.3' ],
21 silly audit   'aria-query': [ '5.3.2' ],
21 silly audit   'array-buffer-byte-length': [ '1.0.2' ],
21 silly audit   'array-flatten': [ '1.1.1' ],
21 silly audit   'array-includes': [ '3.1.8' ],
21 silly audit   'array-union': [ '2.1.0' ],
21 silly audit   'array.prototype.findlast': [ '1.2.5' ],
21 silly audit   'array.prototype.findlastindex': [ '1.2.6' ],
21 silly audit   'array.prototype.flat': [ '1.3.3' ],
21 silly audit   'array.prototype.flatmap': [ '1.3.3' ],
21 silly audit   'array.prototype.reduce': [ '1.0.8' ],
21 silly audit   'array.prototype.tosorted': [ '1.1.4' ],
21 silly audit   'arraybuffer.prototype.slice': [ '1.0.4' ],
21 silly audit   asap: [ '2.0.6' ],
21 silly audit   'asn1.js': [ '4.10.1' ],
21 silly audit   'bn.js': [ '4.12.2', '5.2.2' ],
21 silly audit   assert: [ '2.1.0' ],
21 silly audit   'ast-types-flow': [ '0.0.8' ],
21 silly audit   async: [ '3.2.6' ],
21 silly audit   'async-function': [ '1.0.0' ],
21 silly audit   'async-limiter': [ '1.0.1' ],
21 silly audit   'async-mutex': [ '0.5.0' ],
21 silly audit   asynckit: [ '0.4.0' ],
21 silly audit   'at-least-node': [ '1.0.0' ],
21 silly audit   autoprefixer: [ '10.4.21' ],
21 silly audit   'available-typed-arrays': [ '1.0.7' ],
21 silly audit   'axe-core': [ '4.10.3' ],
21 silly audit   axios: [ '0.21.4' ],
21 silly audit   'axobject-query': [ '4.1.0' ],
21 silly audit   'babel-loader': [ '8.4.1' ],
21 silly audit   'schema-utils': [ '2.7.1', '3.3.0', '2.7.0', '4.3.2' ],
21 silly audit   'babel-plugin-istanbul': [ '6.1.1' ],
21 silly audit   'babel-plugin-macros': [ '3.1.0' ],
21 silly audit   'babel-plugin-named-asset-import': [ '0.3.8' ],
21 silly audit   'babel-plugin-polyfill-corejs2': [ '0.4.13' ],
21 silly audit   'babel-plugin-polyfill-corejs3': [ '0.11.1' ],
21 silly audit   'babel-plugin-polyfill-regenerator': [ '0.6.4' ],
21 silly audit   'babel-plugin-syntax-hermes-parser': [ '0.25.1' ],
21 silly audit   'babel-plugin-transform-react-remove-prop-types': [ '0.4.24' ],
21 silly audit   'babel-preset-current-node-syntax': [ '1.1.0' ],
21 silly audit   'babel-preset-react-app': [ '10.1.0' ],
21 silly audit   'balanced-match': [ '1.0.2' ],
21 silly audit   'base64-js': [ '1.5.1' ],
21 silly audit   base64url: [ '3.0.1' ],
21 silly audit   batch: [ '0.6.1' ],
21 silly audit   bfj: [ '7.1.0' ],
21 silly audit   'big.js': [ '5.2.2' ],
21 silly audit   'bignumber.js': [ '9.3.0' ],
21 silly audit   'binary-extensions': [ '2.3.0' ],
21 silly audit   bluebird: [ '3.7.2' ],
21 silly audit   'body-parser': [ '1.20.3' ],
21 silly audit   'iconv-lite': [ '0.4.24', '0.6.3' ],
21 silly audit   'bonjour-service': [ '1.3.0' ],
21 silly audit   boolbase: [ '1.0.0' ],
21 silly audit   borsh: [ '0.7.0' ],
21 silly audit   bowser: [ '2.11.0' ],
21 silly audit   'brace-expansion': [ '1.1.11', '2.0.1' ],
21 silly audit   braces: [ '3.0.3' ],
21 silly audit   brorand: [ '1.1.0' ],
21 silly audit   'browser-process-hrtime': [ '1.0.0' ],
21 silly audit   'browserify-aes': [ '1.2.0' ],
21 silly audit   'browserify-cipher': [ '1.0.1' ],
21 silly audit   'browserify-des': [ '1.0.2' ],
21 silly audit   'browserify-rsa': [ '4.1.1' ],
21 silly audit   'browserify-sign': [ '4.2.3' ],
21 silly audit   isarray: [ '1.0.0', '2.0.5' ],
21 silly audit   'readable-stream': [ '2.3.8', '4.7.0', '3.6.2' ],
21 silly audit   'safe-buffer': [ '5.1.2', '5.2.1' ],
21 silly audit   string_decoder: [ '1.1.1', '1.3.0' ],
21 silly audit   browserslist: [ '4.24.5' ],
21 silly audit   bser: [ '2.1.1' ],
21 silly audit   buffer: [ '6.0.3' ],
21 silly audit   'buffer-from': [ '1.1.2' ],
21 silly audit   'buffer-xor': [ '1.0.3' ],
21 silly audit   bufferutil: [ '4.0.9' ],
21 silly audit   'builtin-modules': [ '3.3.0' ],
21 silly audit   bytes: [ '3.1.2' ],
21 silly audit   'call-bind': [ '1.0.8' ],
21 silly audit   'call-bind-apply-helpers': [ '1.0.2' ],
21 silly audit   'call-bound': [ '1.0.4' ],
21 silly audit   'caller-callsite': [ '2.0.0' ],
21 silly audit   callsites: [ '2.0.0', '3.1.0' ],
21 silly audit   'caller-path': [ '2.0.0' ],
21 silly audit   'camel-case': [ '4.1.2' ],
21 silly audit   'camelcase-css': [ '2.0.1' ],
21 silly audit   'caniuse-api': [ '3.0.0' ],
21 silly audit   'caniuse-lite': [ '1.0.30001718' ],
21 silly audit   'case-sensitive-paths-webpack-plugin': [ '2.4.0' ],
21 silly audit   'char-regex': [ '1.0.2', '2.0.2' ],
21 silly audit   'check-types': [ '11.2.3' ],
21 silly audit   chokidar: [ '3.6.0' ],
21 silly audit   'glob-parent': [ '5.1.2', '6.0.2' ],
21 silly audit   'chrome-launcher': [ '0.15.2' ],
21 silly audit   'chrome-trace-event': [ '1.0.4' ],
21 silly audit   'chromium-edge-launcher': [ '0.2.0' ],
21 silly audit   mkdirp: [ '1.0.4', '0.5.6' ],
21 silly audit   'ci-info': [ '3.9.0', '2.0.0' ],
21 silly audit   'cipher-base': [ '1.0.6' ],
21 silly audit   'cjs-module-lexer': [ '1.4.3' ],
21 silly audit   'clean-css': [ '5.3.3' ],
21 silly audit   'clone-deep': [ '4.0.1' ],
21 silly audit   co: [ '4.6.0' ],
21 silly audit   coa: [ '2.0.2' ],
21 silly audit   'color-convert': [ '1.9.3', '2.0.1' ],
21 silly audit   'color-name': [ '1.1.3', '1.1.4' ],
21 silly audit   'escape-string-regexp': [ '1.0.5', '4.0.0', '2.0.0' ],
21 silly audit   'has-flag': [ '3.0.0', '4.0.0' ],
21 silly audit   'collect-v8-coverage': [ '1.0.2' ],
21 silly audit   color: [ '4.2.3' ],
21 silly audit   'color-string': [ '1.9.1' ],
21 silly audit   colord: [ '2.9.3' ],
21 silly audit   colorette: [ '2.0.20' ],
21 silly audit   'combined-stream': [ '1.0.8' ],
21 silly audit   'common-tags': [ '1.8.2' ],
21 silly audit   commondir: [ '1.0.1' ],
21 silly audit   compressible: [ '2.0.18' ],
21 silly audit   compression: [ '1.8.0' ],
21 silly audit   'concat-map': [ '0.0.1' ],
21 silly audit   'confusing-browser-globals': [ '1.0.11' ],
21 silly audit   connect: [ '3.7.0' ],
21 silly audit   'connect-history-api-fallback': [ '2.0.0' ],
21 silly audit   encodeurl: [ '1.0.2', '2.0.0' ],
21 silly audit   finalhandler: [ '1.1.2', '1.3.1' ],
21 silly audit   'on-finished': [ '2.3.0', '2.4.1' ],
21 silly audit   statuses: [ '1.5.0', '2.0.1' ],
21 silly audit   'content-disposition': [ '0.5.4' ],
21 silly audit   'content-type': [ '1.0.5' ],
21 silly audit   cookie: [ '0.7.1' ],
21 silly audit   'cookie-signature': [ '1.0.6' ],
21 silly audit   'core-js': [ '3.42.0' ],
21 silly audit   'core-js-compat': [ '3.42.0' ],
21 silly audit   'core-js-pure': [ '3.42.0' ],
21 silly audit   'core-util-is': [ '1.0.3' ],
21 silly audit   cosmiconfig: [ '7.1.0', '6.0.0', '5.2.1' ],
21 silly audit   'cosmiconfig-typescript-loader': [ '1.0.9' ],
21 silly audit   'create-ecdh': [ '4.0.4' ],
21 silly audit   'create-hash': [ '1.2.0' ],
21 silly audit   'create-hmac': [ '1.1.7' ],
21 silly audit   'create-require': [ '1.1.1' ],
21 silly audit   'cross-spawn': [ '7.0.6' ],
21 silly audit   'crypto-browserify': [ '3.12.1' ],
21 silly audit   'crypto-random-string': [ '2.0.0' ],
21 silly audit   'css-blank-pseudo': [ '3.0.3' ],
21 silly audit   'css-declaration-sorter': [ '6.4.1' ],
21 silly audit   'css-has-pseudo': [ '3.0.4' ],
21 silly audit   'css-loader': [ '6.11.0' ],
21 silly audit   'css-minimizer-webpack-plugin': [ '3.4.1' ],
21 silly audit   'css-prefers-color-scheme': [ '6.0.3' ],
21 silly audit   'css-select': [ '4.3.0', '2.1.0' ],
21 silly audit   'css-select-base-adapter': [ '0.1.1' ],
21 silly audit   'css-tree': [ '1.0.0-alpha.37', '1.1.3' ],
21 silly audit   'css-what': [ '6.1.0', '3.4.2' ],
21 silly audit   cssdb: [ '7.11.2' ],
21 silly audit   cssesc: [ '3.0.0' ],
21 silly audit   cssnano: [ '5.1.15' ],
21 silly audit   'cssnano-preset-default': [ '5.2.14' ],
21 silly audit   'cssnano-utils': [ '3.1.0' ],
21 silly audit   csso: [ '4.2.0' ],
21 silly audit   'mdn-data': [ '2.0.14', '2.0.4' ],
21 silly audit   cssom: [ '0.4.4', '0.3.8' ],
21 silly audit   cssstyle: [ '2.3.0' ],
21 silly audit   'damerau-levenshtein': [ '1.0.8' ],
21 silly audit   'data-urls': [ '2.0.0' ],
21 silly audit   tr46: [ '2.1.0', '0.0.3', '1.0.1' ],
21 silly audit   'whatwg-url': [ '8.7.0', '5.0.0', '7.1.0' ],
21 silly audit   'data-view-buffer': [ '1.0.2' ],
21 silly audit   'data-view-byte-length': [ '1.0.2' ],
21 silly audit   'data-view-byte-offset': [ '1.0.1' ],
21 silly audit   decamelize: [ '1.2.0' ],
21 silly audit   'decimal.js': [ '10.5.0' ],
21 silly audit   dedent: [ '0.7.0' ],
21 silly audit   'deep-is': [ '0.1.4' ],
21 silly audit   deepmerge: [ '4.3.1' ],
21 silly audit   'default-gateway': [ '6.0.3' ],
21 silly audit   'define-data-property': [ '1.1.4' ],
21 silly audit   'define-lazy-prop': [ '2.0.0' ],
21 silly audit   'define-properties': [ '1.2.1' ],
21 silly audit   delay: [ '5.0.0' ],
21 silly audit   'delayed-stream': [ '1.0.0' ],
21 silly audit   depd: [ '2.0.0', '1.1.2' ],
21 silly audit   'des.js': [ '1.1.0' ],
21 silly audit   destroy: [ '1.2.0' ],
21 silly audit   'detect-newline': [ '3.1.0' ],
21 silly audit   'detect-node': [ '2.1.0' ],
21 silly audit   'detect-port-alt': [ '1.1.6' ],
21 silly audit   didyoumean: [ '1.2.2' ],
21 silly audit   diff: [ '4.0.2' ],
21 silly audit   'diff-sequences': [ '27.5.1' ],
21 silly audit   'diffie-hellman': [ '5.0.3' ],
21 silly audit   dijkstrajs: [ '1.0.3' ],
21 silly audit   'dir-glob': [ '3.0.1' ],
21 silly audit   dlv: [ '1.1.3' ],
21 silly audit   'dns-packet': [ '5.6.1' ],
21 silly audit   doctrine: [ '3.0.0', '2.1.0' ],
21 silly audit   'dom-converter': [ '0.2.0' ],
21 silly audit   'dom-serializer': [ '1.4.1', '0.2.2' ],
21 silly audit   domelementtype: [ '2.3.0', '1.3.1' ],
21 silly audit   domexception: [ '2.0.1' ],
21 silly audit   'webidl-conversions': [ '5.0.0', '6.1.0', '3.0.1', '4.0.2' ],
21 silly audit   domhandler: [ '4.3.1' ],
21 silly audit   domutils: [ '2.8.0', '1.7.0' ],
21 silly audit   'dot-case': [ '3.0.4' ],
21 silly audit   dotenv: [ '10.0.0' ],
21 silly audit   'dotenv-expand': [ '5.1.0' ],
21 silly audit   'dunder-proto': [ '1.0.1' ],
21 silly audit   duplexer: [ '0.1.2' ],
21 silly audit   eastasianwidth: [ '0.2.0' ],
21 silly audit   'ee-first': [ '1.1.1' ],
21 silly audit   'eip1193-provider': [ '1.0.1' ],
21 silly audit   ejs: [ '3.1.10' ],
21 silly audit   'electron-to-chromium': [ '1.5.157' ],
21 silly audit   elliptic: [ '6.6.1' ],
21 silly audit   emittery: [ '0.8.1', '0.10.2' ],
21 silly audit   'emoji-regex': [ '9.2.2', '8.0.0' ],
21 silly audit   'emojis-list': [ '3.0.0' ],
21 silly audit   'end-of-stream': [ '1.4.4' ],
21 silly audit   'engine.io-client': [ '6.6.3' ],
21 silly audit   'engine.io-parser': [ '5.2.3' ],
21 silly audit   'enhanced-resolve': [ '5.18.1' ],
21 silly audit   entities: [ '2.2.0' ],
21 silly audit   'error-ex': [ '1.3.2' ],
21 silly audit   'error-stack-parser': [ '2.1.4' ],
21 silly audit   'es-abstract': [ '1.23.10' ],
21 silly audit   'es-array-method-boxes-properly': [ '1.0.0' ],
21 silly audit   'es-define-property': [ '1.0.1' ],
21 silly audit   'es-errors': [ '1.3.0' ],
21 silly audit   'es-iterator-helpers': [ '1.2.1' ],
21 silly audit   'es-module-lexer': [ '1.7.0' ],
21 silly audit   'es-object-atoms': [ '1.1.1' ],
21 silly audit   'es-set-tostringtag': [ '2.1.0' ],
21 silly audit   'es-shim-unscopables': [ '1.1.0' ],
21 silly audit   'es-to-primitive': [ '1.3.0' ],
21 silly audit   'es6-promise': [ '4.2.8' ],
21 silly audit   'es6-promisify': [ '5.0.0' ],
21 silly audit   escalade: [ '3.2.0' ],
21 silly audit   'escape-html': [ '1.0.3' ],
21 silly audit   escodegen: [ '2.1.0', '1.14.3' ],
21 silly audit   eslint: [ '8.57.1' ],
21 silly audit   'eslint-config-react-app': [ '7.0.1' ],
21 silly audit   'eslint-import-resolver-node': [ '0.3.9' ],
21 silly audit   'eslint-module-utils': [ '2.12.0' ],
21 silly audit   'eslint-plugin-flowtype': [ '8.0.3' ],
21 silly audit   'eslint-plugin-import': [ '2.31.0' ],
21 silly audit   'eslint-plugin-jest': [ '25.7.0' ],
21 silly audit   'eslint-plugin-jsx-a11y': [ '6.10.2' ],
21 silly audit   'eslint-plugin-react': [ '7.37.5' ],
21 silly audit   'eslint-plugin-react-hooks': [ '4.6.2' ],
21 silly audit   resolve: [ '2.0.0-next.5', '1.22.10' ],
21 silly audit   'eslint-plugin-testing-library': [ '5.11.1' ],
21 silly audit   'eslint-webpack-plugin': [ '3.2.0' ],
21 silly audit   'find-up': [ '5.0.0', '4.1.0', '3.0.0' ],
21 silly audit   'locate-path': [ '6.0.0', '5.0.0', '3.0.0' ],
21 silly audit   'p-limit': [ '3.1.0', '2.3.0' ],
21 silly audit   'p-locate': [ '5.0.0', '4.1.0', '3.0.0' ],
21 silly audit   espree: [ '9.6.1' ],
21 silly audit   esprima: [ '4.0.1', '1.2.2' ],
21 silly audit   esquery: [ '1.6.0' ],
21 silly audit   esrecurse: [ '4.3.0' ],
21 silly audit   'estree-walker': [ '1.0.1' ],
21 silly audit   esutils: [ '2.0.3' ],
21 silly audit   etag: [ '1.8.1' ],
21 silly audit   'eth-rpc-errors': [ '4.0.3' ],
21 silly audit   'ethereum-cryptography': [ '2.2.1' ],
21 silly audit   'event-target-shim': [ '5.0.1' ],
21 silly audit   events: [ '3.3.0' ],
21 silly audit   evp_bytestokey: [ '1.0.3' ],
21 silly audit   execa: [ '5.1.1' ],
21 silly audit   exit: [ '0.1.2' ],
21 silly audit   expect: [ '27.5.1' ],
21 silly audit   'exponential-backoff': [ '3.1.2' ],
21 silly audit   express: [ '4.21.2' ],
21 silly audit   eyes: [ '0.1.8' ],
21 silly audit   'fast-deep-equal': [ '3.1.3' ],
21 silly audit   'fast-glob': [ '3.3.3' ],
21 silly audit   'fast-json-stable-stringify': [ '2.1.0' ],
21 silly audit   'fast-levenshtein': [ '2.0.6' ],
21 silly audit   'fast-safe-stringify': [ '2.1.1' ],
21 silly audit   'fast-stable-stringify': [ '1.0.0' ],
21 silly audit   'fast-uri': [ '3.0.6' ],
21 silly audit   fastq: [ '1.19.1' ],
21 silly audit   'faye-websocket': [ '0.11.4' ],
21 silly audit   'fb-watchman': [ '2.0.2' ],
21 silly audit   'file-entry-cache': [ '6.0.1' ],
21 silly audit   'file-loader': [ '6.2.0' ],
21 silly audit   filelist: [ '1.0.4' ],
21 silly audit   minimatch: [ '5.1.6', '3.1.2', '9.0.5' ],
21 silly audit   filesize: [ '8.0.7' ],
21 silly audit   'fill-range': [ '7.1.1' ],
21 silly audit   'find-cache-dir': [ '3.3.2' ],
21 silly audit   flat: [ '5.0.2' ],
21 silly audit   'flat-cache': [ '3.2.0' ],
21 silly audit   flatted: [ '3.3.3' ],
21 silly audit   'flow-enums-runtime': [ '0.0.6' ],
21 silly audit   'follow-redirects': [ '1.15.9' ],
21 silly audit   'for-each': [ '0.3.5' ],
21 silly audit   'foreground-child': [ '3.3.1' ],
21 silly audit   'signal-exit': [ '4.1.0', '3.0.7' ],
21 silly audit   'fork-ts-checker-webpack-plugin': [ '6.5.3' ],
21 silly audit   'fs-extra': [ '9.1.0', '10.1.0' ],
21 silly audit   tapable: [ '1.1.3', '2.2.2' ],
21 silly audit   'form-data': [ '3.0.3' ],
21 silly audit   forwarded: [ '0.2.0' ],
21 silly audit   'fraction.js': [ '4.3.7' ],
21 silly audit   fresh: [ '0.5.2' ],
21 silly audit   'fs-monkey': [ '1.0.6' ],
21 silly audit   'fs.realpath': [ '1.0.0' ],
21 silly audit   fsevents: [ '2.3.3' ],
21 silly audit   'function-bind': [ '1.1.2' ],
21 silly audit   'function.prototype.name': [ '1.1.8' ],
21 silly audit   'functions-have-names': [ '1.2.3' ],
21 silly audit   gensync: [ '1.0.0-beta.2' ],
21 silly audit   'get-caller-file': [ '2.0.5' ],
21 silly audit   'get-intrinsic': [ '1.3.0' ],
21 silly audit   'get-own-enumerable-property-symbols': [ '3.0.2' ],
21 silly audit   'get-package-type': [ '0.1.0' ],
21 silly audit   'get-proto': [ '1.0.1' ],
21 silly audit   'get-stream': [ '6.0.1' ],
21 silly audit   'get-symbol-description': [ '1.1.0' ],
21 silly audit   glob: [ '7.2.3', '10.4.5' ],
21 silly audit   'glob-to-regexp': [ '0.4.1' ],
21 silly audit   'global-modules': [ '2.0.0' ],
21 silly audit   'global-prefix': [ '3.0.0' ],
21 silly audit   which: [ '1.3.1', '2.0.2' ],
21 silly audit   globalthis: [ '1.0.4' ],
21 silly audit   globby: [ '11.1.0' ],
21 silly audit   gopd: [ '1.2.0' ],
21 silly audit   'graceful-fs': [ '4.2.11' ],
21 silly audit   graphemer: [ '1.4.0' ],
21 silly audit   'gzip-size': [ '6.0.0' ],
21 silly audit   'handle-thing': [ '2.0.1' ],
21 silly audit   'harmony-reflect': [ '1.6.2' ],
21 silly audit   'has-bigints': [ '1.1.0' ],
21 silly audit   'has-property-descriptors': [ '1.0.2' ],
21 silly audit   'has-proto': [ '1.2.0' ],
21 silly audit   'has-symbols': [ '1.1.0' ],
21 silly audit   'has-tostringtag': [ '1.0.2' ],
21 silly audit   'hash-base': [ '3.0.5' ],
21 silly audit   'hash.js': [ '1.1.7' ],
21 silly audit   hasown: [ '2.0.2' ],
21 silly audit   he: [ '1.2.0' ],
21 silly audit   'hermes-estree': [ '0.25.1', '0.28.1' ],
21 silly audit   'hermes-parser': [ '0.25.1', '0.28.1' ],
21 silly audit   'hmac-drbg': [ '1.0.1' ],
21 silly audit   hoopy: [ '0.1.4' ],
21 silly audit   'hpack.js': [ '2.1.6' ],
21 silly audit   'html-encoding-sniffer': [ '2.0.1' ],
21 silly audit   'html-entities': [ '2.6.0' ],
21 silly audit   'html-escaper': [ '2.0.2' ],
21 silly audit   'html-minifier-terser': [ '6.1.0' ],
21 silly audit   'html-webpack-plugin': [ '5.6.3' ],
21 silly audit   htmlparser2: [ '6.1.0' ],
21 silly audit   'http-deceiver': [ '1.2.7' ],
21 silly audit   'http-errors': [ '2.0.0', '1.6.3' ],
21 silly audit   'http-parser-js': [ '0.5.10' ],
21 silly audit   'http-proxy': [ '1.18.1' ],
21 silly audit   'http-proxy-agent': [ '4.0.1' ],
21 silly audit   'http-proxy-middleware': [ '2.0.9' ],
21 silly audit   'https-proxy-agent': [ '5.0.1', '7.0.6' ],
21 silly audit   'human-signals': [ '2.1.0' ],
21 silly audit   'humanize-ms': [ '1.2.1' ],
21 silly audit   'icss-utils': [ '5.1.0' ],
21 silly audit   idb: [ '7.1.1' ],
21 silly audit   'identity-obj-proxy': [ '3.0.0' ],
21 silly audit   ieee754: [ '1.2.1' ],
21 silly audit   ignore: [ '5.3.2' ],
21 silly audit   'image-size': [ '1.2.1' ],
21 silly audit   immer: [ '9.0.21' ],
21 silly audit   'import-fresh': [ '3.3.1', '2.0.0' ],
21 silly audit   'resolve-from': [ '4.0.0', '3.0.0', '5.0.0' ],
21 silly audit   'import-local': [ '3.2.0' ],
21 silly audit   imurmurhash: [ '0.1.4' ],
21 silly audit   inflight: [ '1.0.6' ],
21 silly audit   inherits: [ '2.0.4', '2.0.3' ],
21 silly audit   ini: [ '1.3.8' ],
21 silly audit   'internal-slot': [ '1.1.0' ],
21 silly audit   invariant: [ '2.2.4' ],
21 silly audit   'ipaddr.js': [ '2.2.0', '1.9.1' ],
21 silly audit   'is-arguments': [ '1.2.0' ],
21 silly audit   'is-array-buffer': [ '3.0.5' ],
21 silly audit   'is-arrayish': [ '0.2.1', '0.3.2' ],
21 silly audit   'is-async-function': [ '2.1.1' ],
21 silly audit   'is-bigint': [ '1.1.0' ],
21 silly audit   'is-binary-path': [ '2.1.0' ],
21 silly audit   'is-boolean-object': [ '1.2.2' ],
21 silly audit   'is-callable': [ '1.2.7' ],
21 silly audit   'is-core-module': [ '2.16.1' ],
21 silly audit   'is-data-view': [ '1.0.2' ],
21 silly audit   'is-date-object': [ '1.1.0' ],
21 silly audit   'is-directory': [ '0.3.1' ],
21 silly audit   'is-docker': [ '2.2.1' ],
21 silly audit   'is-extglob': [ '2.1.1' ],
21 silly audit   'is-finalizationregistry': [ '1.1.1' ],
21 silly audit   'is-fullwidth-code-point': [ '3.0.0' ],
21 silly audit   'is-generator-fn': [ '2.1.0' ],
21 silly audit   'is-generator-function': [ '1.1.0' ],
21 silly audit   'is-glob': [ '4.0.3' ],
21 silly audit   'is-map': [ '2.0.3' ],
21 silly audit   'is-module': [ '1.0.0' ],
21 silly audit   'is-nan': [ '1.3.2' ],
21 silly audit   'is-number': [ '7.0.0' ],
21 silly audit   'is-number-object': [ '1.1.1' ],
21 silly audit   'is-obj': [ '1.0.1' ],
21 silly audit   'is-path-inside': [ '3.0.3' ],
21 silly audit   'is-plain-obj': [ '3.0.0', '2.1.0' ],
21 silly audit   'is-plain-object': [ '2.0.4' ],
21 silly audit   'is-potential-custom-element-name': [ '1.0.1' ],
21 silly audit   'is-regex': [ '1.2.1' ],
21 silly audit   'is-regexp': [ '1.0.0' ],
21 silly audit   'is-root': [ '2.1.0' ],
21 silly audit   'is-set': [ '2.0.3' ],
21 silly audit   'is-shared-array-buffer': [ '1.0.4' ],
21 silly audit   'is-stream': [ '2.0.1' ],
21 silly audit   'is-string': [ '1.1.1' ],
21 silly audit   'is-symbol': [ '1.1.1' ],
21 silly audit   'is-typed-array': [ '1.1.15' ],
21 silly audit   'is-typedarray': [ '1.0.0' ],
21 silly audit   'is-weakmap': [ '2.0.2' ],
21 silly audit   'is-weakref': [ '1.1.1' ],
21 silly audit   'is-weakset': [ '2.0.4' ],
21 silly audit   'is-wsl': [ '2.2.0' ],
21 silly audit   isexe: [ '2.0.0' ],
21 silly audit   isobject: [ '3.0.1' ],
21 silly audit   'isomorphic-ws': [ '4.0.1' ],
21 silly audit   'istanbul-lib-coverage': [ '3.2.2' ],
21 silly audit   'istanbul-lib-instrument': [ '5.2.1' ],
21 silly audit   'istanbul-lib-report': [ '3.0.1' ],
21 silly audit   'make-dir': [ '4.0.0', '3.1.0' ],
21 silly audit   'istanbul-lib-source-maps': [ '4.0.1' ],
21 silly audit   'istanbul-reports': [ '3.1.7' ],
21 silly audit   'iterator.prototype': [ '1.1.5' ],
21 silly audit   jackspeak: [ '3.4.3' ],
21 silly audit   jake: [ '10.9.2' ],
21 silly audit   jayson: [ '4.2.0' ],
21 silly audit   uuid: [ '8.3.2', '9.0.1' ],
21 silly audit   jest: [ '27.5.1' ],
21 silly audit   'jest-changed-files': [ '27.5.1' ],
21 silly audit   'jest-circus': [ '27.5.1' ],
21 silly audit   'jest-cli': [ '27.5.1' ],
21 silly audit   'jest-config': [ '27.5.1' ],
21 silly audit   'jest-diff': [ '27.5.1' ],
21 silly audit   'jest-docblock': [ '27.5.1' ],
21 silly audit   'jest-each': [ '27.5.1' ],
21 silly audit   'jest-environment-jsdom': [ '27.5.1' ],
21 silly audit   'jest-get-type': [ '27.5.1', '29.6.3' ],
21 silly audit   'jest-jasmine2': [ '27.5.1' ],
21 silly audit   'jest-leak-detector': [ '27.5.1' ],
21 silly audit   'jest-matcher-utils': [ '27.5.1' ],
21 silly audit   'jest-pnp-resolver': [ '1.2.3' ],
21 silly audit   'jest-resolve': [ '27.5.1' ],
21 silly audit   'jest-resolve-dependencies': [ '27.5.1' ],
21 silly audit   'jest-runner': [ '27.5.1' ],
21 silly audit   'jest-runtime': [ '27.5.1' ],
21 silly audit   'jest-serializer': [ '27.5.1' ],
21 silly audit   'jest-snapshot': [ '27.5.1' ],
21 silly audit   'jest-validate': [ '27.5.1', '29.7.0' ],
21 silly audit   'jest-watch-typeahead': [ '1.1.0' ],
21 silly audit   slash: [ '3.0.0', '4.0.0' ],
21 silly audit   'jest-watcher': [ '28.1.3', '27.5.1' ],
21 silly audit   'string-length': [ '4.0.2', '5.0.1' ],
21 silly audit   jiti: [ '1.21.7' ],
21 silly audit   'js-base64': [ '3.7.7' ],
21 silly audit   'js-sha3': [ '0.8.0' ],
21 silly audit   'js-tokens': [ '4.0.0' ],
21 silly audit   'jsc-safe-url': [ '0.2.4' ],
21 silly audit   jsdom: [ '16.7.0' ],
21 silly audit   jsesc: [ '3.1.0', '3.0.2' ],
21 silly audit   'json-buffer': [ '3.0.1' ],
21 silly audit   'json-parse-better-errors': [ '1.0.2' ],
21 silly audit   'json-parse-even-better-errors': [ '2.3.1' ],
21 silly audit   'json-schema': [ '0.4.0' ],
21 silly audit   'json-stable-stringify': [ '1.3.0' ],
21 silly audit   'json-stable-stringify-without-jsonify': [ '1.0.1' ],
21 silly audit   'json-stringify-safe': [ '5.0.1' ],
21 silly audit   json5: [ '2.2.3', '1.0.2' ],
21 silly audit   jsonfile: [ '6.1.0' ],
21 silly audit   jsonify: [ '0.0.1' ],
21 silly audit   jsonpath: [ '1.1.1' ],
21 silly audit   jsonpointer: [ '5.0.1' ],
21 silly audit   'jsx-ast-utils': [ '3.3.5' ],
21 silly audit   'jwt-decode': [ '4.0.0' ],
21 silly audit   keyv: [ '4.5.4' ],
21 silly audit   'keyvaluestorage-interface': [ '1.0.0' ],
21 silly audit   'kind-of': [ '6.0.3' ],
21 silly audit   kleur: [ '3.0.3' ],
21 silly audit   klona: [ '2.0.6' ],
21 silly audit   'language-subtag-registry': [ '0.3.23' ],
21 silly audit   'language-tags': [ '1.0.9' ],
21 silly audit   'launch-editor': [ '2.10.0' ],
21 silly audit   leven: [ '3.1.0' ],
21 silly audit   levn: [ '0.4.1', '0.3.0' ],
21 silly audit   'lighthouse-logger': [ '1.4.2' ],
21 silly audit   lilconfig: [ '2.1.0', '3.1.3' ],
21 silly audit   'lines-and-columns': [ '1.2.4' ],
21 silly audit   'loader-runner': [ '4.3.0' ],
21 silly audit   'loader-utils': [ '2.0.4', '3.3.1' ],
21 silly audit   lodash: [ '4.17.21' ],
21 silly audit   'lodash-es': [ '4.17.21' ],
21 silly audit   'lodash.debounce': [ '4.0.8' ],
21 silly audit   'lodash.memoize': [ '4.1.2' ],
21 silly audit   'lodash.merge': [ '4.6.2' ],
21 silly audit   'lodash.sortby': [ '4.7.0' ],
21 silly audit   'lodash.throttle': [ '4.1.1' ],
21 silly audit   'lodash.uniq': [ '4.5.0' ],
21 silly audit   loglevel: [ '1.9.2' ],
21 silly audit   'loose-envify': [ '1.4.0' ],
21 silly audit   'lower-case': [ '2.0.2' ],
21 silly audit   'lru-cache': [ '5.1.1', '10.4.3' ],
21 silly audit   'magic-string': [ '0.25.9' ],
21 silly audit   'make-error': [ '1.3.6' ],
21 silly audit   makeerror: [ '1.0.12' ],
21 silly audit   marky: [ '1.3.0' ],
21 silly audit   'math-intrinsics': [ '1.1.0' ],
21 silly audit   'md5.js': [ '1.3.5' ],
21 silly audit   'media-typer': [ '0.3.0' ],
21 silly audit   memfs: [ '3.5.3' ],
21 silly audit   'memoize-one': [ '5.2.1' ],
21 silly audit   'merge-descriptors': [ '1.0.3' ],
21 silly audit   'merge-options': [ '3.0.4' ],
21 silly audit   'merge-stream': [ '2.0.0' ],
21 silly audit   merge2: [ '1.4.1' ],
21 silly audit   methods: [ '1.1.2' ],
21 silly audit   metro: [ '0.82.4' ],
21 silly audit   'metro-babel-transformer': [ '0.82.4' ],
21 silly audit   'metro-cache': [ '0.82.4' ],
21 silly audit   'metro-cache-key': [ '0.82.4' ],
21 silly audit   'metro-config': [ '0.82.4' ],
21 silly audit   'parse-json': [ '4.0.0', '5.2.0' ],
21 silly audit   'metro-core': [ '0.82.4' ],
21 silly audit   'metro-file-map': [ '0.82.4' ],
21 silly audit   'metro-minify-terser': [ '0.82.4' ],
21 silly audit   'metro-resolver': [ '0.82.4' ],
21 silly audit   'metro-runtime': [ '0.82.4' ],
21 silly audit   'metro-source-map': [ '0.82.4' ],
21 silly audit   'metro-symbolicate': [ '0.82.4' ],
21 silly audit   'metro-transform-plugins': [ '0.82.4' ],
21 silly audit   'metro-transform-worker': [ '0.82.4' ],
21 silly audit   throat: [ '5.0.0', '6.0.2' ],
21 silly audit   micromatch: [ '4.0.8' ],
21 silly audit   'miller-rabin': [ '4.0.1' ],
21 silly audit   mime: [ '1.6.0' ],
21 silly audit   'mime-db': [ '1.52.0' ],
21 silly audit   'mime-types': [ '2.1.35' ],
21 silly audit   'mimic-fn': [ '2.1.0' ],
21 silly audit   'mini-css-extract-plugin': [ '2.9.2' ],
21 silly audit   'minimalistic-assert': [ '1.0.1' ],
21 silly audit   'minimalistic-crypto-utils': [ '1.0.1' ],
21 silly audit   minimist: [ '1.2.8' ],
21 silly audit   minipass: [ '7.1.2' ],
21 silly audit   'multicast-dns': [ '7.2.5' ],
21 silly audit   mz: [ '2.7.0' ],
21 silly audit   nanoid: [ '3.3.11' ],
21 silly audit   'natural-compare': [ '1.4.0' ],
21 silly audit   'natural-compare-lite': [ '1.4.0' ],
21 silly audit   'neo-async': [ '2.6.2' ],
21 silly audit   'no-case': [ '3.0.4' ],
21 silly audit   'node-fetch': [ '2.7.0' ],
21 silly audit   'node-forge': [ '1.3.1' ],
21 silly audit   'node-gyp-build': [ '4.8.4' ],
21 silly audit   'node-int64': [ '0.4.0' ],
21 silly audit   'node-releases': [ '2.0.19' ],
21 silly audit   'normalize-path': [ '3.0.0' ],
21 silly audit   'normalize-range': [ '0.1.2' ],
21 silly audit   'normalize-url': [ '6.1.0' ],
21 silly audit   'npm-run-path': [ '4.0.1' ],
21 silly audit   'nth-check': [ '2.1.1', '1.0.2' ],
21 silly audit   nullthrows: [ '1.1.1' ],
21 silly audit   nwsapi: [ '2.2.20' ],
21 silly audit   ob1: [ '0.82.4' ],
21 silly audit   'object-assign': [ '4.1.1' ],
21 silly audit   'object-hash': [ '3.0.0' ],
21 silly audit   'object-inspect': [ '1.13.4' ],
21 silly audit   'object-is': [ '1.1.6' ],
21 silly audit   'object-keys': [ '1.1.1' ],
21 silly audit   'object.assign': [ '4.1.7' ],
21 silly audit   'object.entries': [ '1.1.9' ],
21 silly audit   'object.fromentries': [ '2.0.8' ],
21 silly audit   'object.getownpropertydescriptors': [ '2.1.8' ],
21 silly audit   'object.groupby': [ '1.0.3' ],
21 silly audit   'object.values': [ '1.2.1' ],
21 silly audit   'oblivious-set': [ '1.4.0' ],
21 silly audit   obuf: [ '1.1.2' ],
21 silly audit   'on-headers': [ '1.0.2' ],
21 silly audit   once: [ '1.4.0' ],
21 silly audit   onetime: [ '5.1.2' ],
21 silly audit   optionator: [ '0.9.4', '0.8.3' ],
21 silly audit   'own-keys': [ '1.0.1' ],
21 silly audit   'p-retry': [ '4.6.2' ],
21 silly audit   'p-try': [ '2.2.0' ],
21 silly audit   'package-json-from-dist': [ '1.0.1' ],
21 silly audit   'param-case': [ '3.0.4' ],
21 silly audit   'parent-module': [ '1.0.1' ],
21 silly audit   'parse-asn1': [ '5.1.7' ],
21 silly audit   parse5: [ '6.0.1' ],
21 silly audit   parseurl: [ '1.3.3' ],
21 silly audit   'pascal-case': [ '3.1.2' ],
21 silly audit   'path-exists': [ '4.0.0', '3.0.0' ],
21 silly audit   'path-is-absolute': [ '1.0.1' ],
21 silly audit   'path-key': [ '3.1.1' ],
21 silly audit   'path-parse': [ '1.0.7' ],
21 silly audit   'path-scurry': [ '1.11.1' ],
21 silly audit   'path-to-regexp': [ '0.1.12' ],
21 silly audit   'path-type': [ '4.0.0' ],
21 silly audit   pbkdf2: [ '3.1.2' ],
21 silly audit   'performance-now': [ '2.1.0' ],
21 silly audit   picocolors: [ '1.1.1', '0.2.1' ],
21 silly audit   picomatch: [ '2.3.1' ],
21 silly audit   pify: [ '2.3.0' ],
21 silly audit   pirates: [ '4.0.7' ],
21 silly audit   'pkg-dir': [ '4.2.0' ],
21 silly audit   'pkg-up': [ '3.1.0' ],
21 silly audit   pngjs: [ '5.0.0' ],
21 silly audit   'possible-typed-array-names': [ '1.1.0' ],
21 silly audit   postcss: [ '8.5.3', '7.0.39' ],
21 silly audit   'postcss-attribute-case-insensitive': [ '5.0.2' ],
21 silly audit   'postcss-browser-comments': [ '4.0.0' ],
21 silly audit   'postcss-calc': [ '8.2.4' ],
21 silly audit   'postcss-clamp': [ '4.1.0' ],
21 silly audit   'postcss-color-functional-notation': [ '4.2.4' ],
21 silly audit   'postcss-color-hex-alpha': [ '8.0.4' ],
21 silly audit   'postcss-color-rebeccapurple': [ '7.1.1' ],
21 silly audit   'postcss-colormin': [ '5.3.1' ],
21 silly audit   'postcss-convert-values': [ '5.1.3' ],
21 silly audit   'postcss-custom-media': [ '8.0.2' ],
21 silly audit   'postcss-custom-properties': [ '12.1.11' ],
21 silly audit   'postcss-custom-selectors': [ '6.0.3' ],
21 silly audit   'postcss-dir-pseudo-class': [ '6.0.5' ],
21 silly audit   'postcss-discard-comments': [ '5.1.2' ],
21 silly audit   'postcss-discard-duplicates': [ '5.1.0' ],
21 silly audit   'postcss-discard-empty': [ '5.1.1' ],
21 silly audit   'postcss-discard-overridden': [ '5.1.0' ],
21 silly audit   'postcss-double-position-gradients': [ '3.1.2' ],
21 silly audit   'postcss-env-function': [ '4.0.6' ],
21 silly audit   'postcss-flexbugs-fixes': [ '5.0.2' ],
21 silly audit   'postcss-focus-visible': [ '6.0.4' ],
21 silly audit   'postcss-focus-within': [ '5.0.4' ],
21 silly audit   'postcss-font-variant': [ '5.0.0' ],
21 silly audit   'postcss-gap-properties': [ '3.0.5' ],
21 silly audit   'postcss-image-set-function': [ '4.0.7' ],
21 silly audit   'postcss-import': [ '15.1.0' ],
21 silly audit   'postcss-initial': [ '4.0.1' ],
21 silly audit   'postcss-js': [ '4.0.1' ],
21 silly audit   'postcss-lab-function': [ '4.2.1' ],
21 silly audit   'postcss-load-config': [ '4.0.2' ],
21 silly audit   yaml: [ '2.8.0', '1.10.2' ],
21 silly audit   'postcss-loader': [ '6.2.1' ],
21 silly audit   'postcss-logical': [ '5.0.4' ],
21 silly audit   'postcss-media-minmax': [ '5.0.0' ],
21 silly audit   'postcss-merge-longhand': [ '5.1.7' ],
21 silly audit   'postcss-merge-rules': [ '5.1.4' ],
21 silly audit   'postcss-minify-font-values': [ '5.1.0' ],
21 silly audit   'postcss-minify-gradients': [ '5.1.1' ],
21 silly audit   'postcss-minify-params': [ '5.1.4' ],
21 silly audit   'postcss-minify-selectors': [ '5.2.1' ],
21 silly audit   'postcss-modules-extract-imports': [ '3.1.0' ],
21 silly audit   'postcss-modules-local-by-default': [ '4.2.0' ],
21 silly audit   'postcss-selector-parser': [ '7.1.0', '6.1.2' ],
21 silly audit   'postcss-modules-scope': [ '3.2.1' ],
21 silly audit   'postcss-modules-values': [ '4.0.0' ],
21 silly audit   'postcss-nested': [ '6.2.0' ],
21 silly audit   'postcss-nesting': [ '10.2.0' ],
21 silly audit   'postcss-normalize': [ '10.0.1' ],
21 silly audit   'postcss-normalize-charset': [ '5.1.0' ],
21 silly audit   'postcss-normalize-display-values': [ '5.1.0' ],
21 silly audit   'postcss-normalize-positions': [ '5.1.1' ],
21 silly audit   'postcss-normalize-repeat-style': [ '5.1.1' ],
21 silly audit   'postcss-normalize-string': [ '5.1.0' ],
21 silly audit   'postcss-normalize-timing-functions': [ '5.1.0' ],
21 silly audit   'postcss-normalize-unicode': [ '5.1.1' ],
21 silly audit   'postcss-normalize-url': [ '5.1.0' ],
21 silly audit   'postcss-normalize-whitespace': [ '5.1.1' ],
21 silly audit   'postcss-opacity-percentage': [ '1.1.3' ],
21 silly audit   'postcss-ordered-values': [ '5.1.3' ],
21 silly audit   'postcss-overflow-shorthand': [ '3.0.4' ],
21 silly audit   'postcss-page-break': [ '3.0.4' ],
21 silly audit   'postcss-place': [ '7.0.5' ],
21 silly audit   'postcss-preset-env': [ '7.8.3' ],
21 silly audit   'postcss-pseudo-class-any-link': [ '7.1.6' ],
21 silly audit   'postcss-reduce-initial': [ '5.1.2' ],
21 silly audit   'postcss-reduce-transforms': [ '5.1.0' ],
21 silly audit   'postcss-replace-overflow-wrap': [ '4.0.0' ],
21 silly audit   'postcss-selector-not': [ '6.0.1' ],
21 silly audit   'postcss-svgo': [ '5.1.0' ],
21 silly audit   svgo: [ '2.8.0', '1.3.2' ],
21 silly audit   'postcss-unique-selectors': [ '5.1.1' ],
21 silly audit   'postcss-value-parser': [ '4.2.0' ],
21 silly audit   'prelude-ls': [ '1.2.1', '1.1.2' ],
21 silly audit   'pretty-bytes': [ '5.6.0' ],
21 silly audit   'pretty-error': [ '4.0.0' ],
21 silly audit   process: [ '0.11.10' ],
21 silly audit   'process-nextick-args': [ '2.0.1' ],
21 silly audit   promise: [ '8.3.0' ],
21 silly audit   prompts: [ '2.4.2' ],
21 silly audit   'prop-types': [ '15.8.1' ],
21 silly audit   'proxy-addr': [ '2.0.7' ],
21 silly audit   psl: [ '1.15.0' ],
21 silly audit   'public-encrypt': [ '4.0.3' ],
21 silly audit   pump: [ '3.0.2' ],
21 silly audit   punycode: [ '2.3.1' ],
21 silly audit   q: [ '1.5.1' ],
21 silly audit   qrcode: [ '1.5.4' ],
21 silly audit   qs: [ '6.13.0' ],
21 silly audit   querystringify: [ '2.2.0' ],
21 silly audit   queue: [ '6.0.2' ],
21 silly audit   'queue-microtask': [ '1.2.3' ],
21 silly audit   raf: [ '3.4.1' ],
21 silly audit   randombytes: [ '2.1.0' ],
21 silly audit   randomfill: [ '1.0.4' ],
21 silly audit   'range-parser': [ '1.2.1' ],
21 silly audit   'raw-body': [ '2.5.2' ],
21 silly audit   'react-app-polyfill': [ '3.0.0' ],
21 silly audit   'react-dev-utils': [ '12.0.1' ],
21 silly audit   'react-devtools-core': [ '6.1.2' ],
21 silly audit   'react-dom': [ '18.3.1' ],
21 silly audit   'react-error-overlay': [ '6.1.0' ],
21 silly audit   'react-scripts': [ '5.0.1' ],
21 silly audit   'read-cache': [ '1.0.0' ],
21 silly audit   readdirp: [ '3.6.0' ],
21 silly audit   'recursive-readdir': [ '2.2.3' ],
21 silly audit   'reflect.getprototypeof': [ '1.0.10' ],
21 silly audit   regenerate: [ '1.4.2' ],
21 silly audit   'regenerate-unicode-properties': [ '10.2.0' ],
21 silly audit   'regenerator-runtime': [ '0.13.11' ],
21 silly audit   'regex-parser': [ '2.3.1' ],
21 silly audit   'regexp.prototype.flags': [ '1.5.4' ],
21 silly audit   'regexpu-core': [ '6.2.0' ],
21 silly audit   regjsgen: [ '0.8.0' ],
21 silly audit   regjsparser: [ '0.12.0' ],
21 silly audit   relateurl: [ '0.2.7' ],
21 silly audit   renderkid: [ '3.0.0' ],
21 silly audit   'require-directory': [ '2.1.1' ],
21 silly audit   'require-from-string': [ '2.0.2' ],
21 silly audit   'require-main-filename': [ '2.0.0' ],
21 silly audit   'requires-port': [ '1.0.0' ],
21 silly audit   'resolve-cwd': [ '3.0.0' ],
21 silly audit   'resolve-url-loader': [ '4.0.0' ],
21 silly audit   'resolve.exports': [ '1.1.1' ],
21 silly audit   retry: [ '0.13.1' ],
21 silly audit   reusify: [ '1.1.0' ],
21 silly audit   rimraf: [ '3.0.2' ],
21 silly audit   ripemd160: [ '2.0.2' ],
21 silly audit   rollup: [ '2.79.2' ],
21 silly audit   'rollup-plugin-terser': [ '7.0.2' ],
21 silly audit   'serialize-javascript': [ '4.0.0', '6.0.2' ],
21 silly audit   'rpc-websockets': [ '9.1.1' ],
21 silly audit   'run-parallel': [ '1.2.0' ],
21 silly audit   rxjs: [ '7.8.2' ],
21 silly audit   'safe-array-concat': [ '1.1.3' ],
21 silly audit   'safe-json-utils': [ '1.1.1' ],
21 silly audit   'safe-push-apply': [ '1.0.0' ],
21 silly audit   'safe-regex-test': [ '1.1.0' ],
21 silly audit   'safer-buffer': [ '2.1.2' ],
21 silly audit   'sanitize.css': [ '13.0.0' ],
21 silly audit   'sass-loader': [ '12.6.0' ],
21 silly audit   sax: [ '1.2.4' ],
21 silly audit   saxes: [ '5.0.1' ],
21 silly audit   'select-hose': [ '2.0.0' ],
21 silly audit   selfsigned: [ '2.4.1' ],
21 silly audit   send: [ '0.19.0' ],
21 silly audit   'serialize-error': [ '2.1.0' ],
21 silly audit   'serve-index': [ '1.9.1' ],
21 silly audit   setprototypeof: [ '1.1.0', '1.2.0' ],
21 silly audit   'serve-static': [ '1.16.2' ],
21 silly audit   'set-blocking': [ '2.0.0' ],
21 silly audit   'set-function-length': [ '1.2.2' ],
21 silly audit   'set-function-name': [ '2.0.2' ],
21 silly audit   'set-proto': [ '1.0.0' ],
21 silly audit   'sha.js': [ '2.4.11' ],
21 silly audit   'shallow-clone': [ '3.0.1' ],
21 silly audit   'shebang-command': [ '2.0.0' ],
21 silly audit   'shebang-regex': [ '3.0.0' ],
21 silly audit   'shell-quote': [ '1.8.2' ],
21 silly audit   'side-channel': [ '1.1.0' ],
21 silly audit   'side-channel-list': [ '1.0.0' ],
21 silly audit   'side-channel-map': [ '1.0.1' ],
21 silly audit   'side-channel-weakmap': [ '1.0.2' ],
21 silly audit   'simple-swizzle': [ '0.2.2' ],
21 silly audit   sisteransi: [ '1.0.5' ],
21 silly audit   'socket.io-client': [ '4.8.1' ],
21 silly audit   'socket.io-parser': [ '4.2.4' ],
21 silly audit   sockjs: [ '0.3.24' ],
21 silly audit   'source-list-map': [ '2.0.1' ],
21 silly audit   'source-map-js': [ '1.2.1' ],
21 silly audit   'source-map-loader': [ '3.0.2' ],
21 silly audit   'source-map-support': [ '0.5.21' ],
21 silly audit   'sourcemap-codec': [ '1.4.8' ],
21 silly audit   spdy: [ '4.0.2' ],
21 silly audit   'spdy-transport': [ '3.0.0' ],
21 silly audit   'sprintf-js': [ '1.0.3' ],
21 silly audit   stable: [ '0.1.8' ],
21 silly audit   'stack-utils': [ '2.0.6' ],
21 silly audit   stackframe: [ '1.3.4' ],
21 silly audit   'stacktrace-parser': [ '0.1.11' ],
21 silly audit   'static-eval': [ '2.0.2' ],
21 silly audit   'type-check': [ '0.3.2', '0.4.0' ],
21 silly audit   'stream-chain': [ '2.2.5' ],
21 silly audit   'stream-json': [ '1.9.1' ],
21 silly audit   'string-natural-compare': [ '3.0.1' ],
21 silly audit   'string.prototype.includes': [ '2.0.1' ],
21 silly audit   'string.prototype.matchall': [ '4.0.12' ],
21 silly audit   'string.prototype.repeat': [ '1.0.0' ],
21 silly audit   'string.prototype.trim': [ '1.2.10' ],
21 silly audit   'string.prototype.trimend': [ '1.0.9' ],
21 silly audit   'string.prototype.trimstart': [ '1.0.8' ],
21 silly audit   'stringify-object': [ '3.3.0' ],
21 silly audit   'strip-bom': [ '4.0.0', '3.0.0' ],
21 silly audit   'strip-comments': [ '2.0.1' ],
21 silly audit   'strip-final-newline': [ '2.0.0' ],
21 silly audit   'strip-json-comments': [ '3.1.1' ],
21 silly audit   'style-loader': [ '3.3.4' ],
21 silly audit   stylehacks: [ '5.1.1' ],
21 silly audit   sucrase: [ '3.35.0' ],
21 silly audit   superstruct: [ '2.0.2' ],
21 silly audit   'supports-hyperlinks': [ '2.3.0' ],
21 silly audit   'supports-preserve-symlinks-flag': [ '1.0.0' ],
21 silly audit   'svg-parser': [ '2.0.4' ],
21 silly audit   'symbol-tree': [ '3.2.4' ],
21 silly audit   tailwindcss: [ '3.4.17' ],
21 silly audit   'temp-dir': [ '2.0.0' ],
21 silly audit   tempy: [ '0.6.0' ],
21 silly audit   'terminal-link': [ '2.1.1' ],
21 silly audit   terser: [ '5.39.2' ],
21 silly audit   'terser-webpack-plugin': [ '5.3.14' ],
21 silly audit   'test-exclude': [ '6.0.0' ],
21 silly audit   'text-encoding-utf-8': [ '1.0.2' ],
21 silly audit   'text-table': [ '0.2.0' ],
21 silly audit   thenify: [ '3.3.1' ],
21 silly audit   'thenify-all': [ '1.6.0' ],
21 silly audit   thunky: [ '1.1.0' ],
21 silly audit   tmpl: [ '1.0.5' ],
21 silly audit   'to-regex-range': [ '5.0.1' ],
21 silly audit   toidentifier: [ '1.0.1' ],
21 silly audit   'tough-cookie': [ '4.1.4' ],
21 silly audit   universalify: [ '0.2.0', '2.0.1' ],
21 silly audit   tryer: [ '1.0.1' ],
21 silly audit   'ts-interface-checker': [ '0.1.13' ],
21 silly audit   'ts-node': [ '10.9.2' ],
21 silly audit   'tsconfig-paths': [ '3.15.0' ],
21 silly audit   tslib: [ '2.8.1', '1.14.1' ],
21 silly audit   tsutils: [ '3.21.0' ],
21 silly audit   'type-detect': [ '4.0.8' ],
21 silly audit   'type-is': [ '1.6.18' ],
21 silly audit   'typed-array-buffer': [ '1.0.3' ],
21 silly audit   'typed-array-byte-length': [ '1.0.3' ],
21 silly audit   'typed-array-byte-offset': [ '1.0.4' ],
21 silly audit   'typed-array-length': [ '1.0.7' ],
21 silly audit   'typedarray-to-buffer': [ '3.1.5' ],
21 silly audit   'unbox-primitive': [ '1.1.0' ],
21 silly audit   underscore: [ '1.12.1' ],
21 silly audit   'unicode-canonical-property-names-ecmascript': [ '2.0.1' ],
21 silly audit   'unicode-match-property-ecmascript': [ '2.0.0' ],
21 silly audit   'unicode-match-property-value-ecmascript': [ '2.2.0' ],
21 silly audit   'unicode-property-aliases-ecmascript': [ '2.1.0' ],
21 silly audit   'unique-string': [ '2.0.0' ],
21 silly audit   unload: [ '2.4.1' ],
21 silly audit   unpipe: [ '1.0.0' ],
21 silly audit   unquote: [ '1.1.1' ],
21 silly audit   upath: [ '1.2.0' ],
21 silly audit   'update-browserslist-db': [ '1.1.3' ],
21 silly audit   'uri-js': [ '4.4.1' ],
21 silly audit   'url-parse': [ '1.5.10' ],
21 silly audit   'utf-8-validate': [ '5.0.10' ],
21 silly audit   util: [ '0.12.5' ],
21 silly audit   'util-deprecate': [ '1.0.2' ],
21 silly audit   'util.promisify': [ '1.0.1' ],
21 silly audit   utila: [ '0.4.0' ],
21 silly audit   'utils-merge': [ '1.0.1' ],
21 silly audit   'v8-compile-cache-lib': [ '3.0.1' ],
21 silly audit   'v8-to-istanbul': [ '8.1.1' ],
21 silly audit   vary: [ '1.1.2' ],
21 silly audit   vlq: [ '1.0.1' ],
21 silly audit   'w3c-hr-time': [ '1.0.2' ],
21 silly audit   'w3c-xmlserializer': [ '2.0.0' ],
21 silly audit   walker: [ '1.0.8' ],
21 silly audit   watchpack: [ '2.4.4' ],
21 silly audit   wbuf: [ '1.7.3' ],
21 silly audit   webpack: [ '5.99.9' ],
21 silly audit   'webpack-dev-middleware': [ '5.3.4' ],
21 silly audit   'webpack-dev-server': [ '4.15.2' ],
21 silly audit   'webpack-manifest-plugin': [ '4.1.1' ],
21 silly audit   'webpack-sources': [ '2.3.1', '3.3.0', '1.4.3' ],
21 silly audit   'webpack-merge': [ '5.10.0' ],
21 silly audit   'websocket-driver': [ '0.7.4' ],
21 silly audit   'websocket-extensions': [ '0.1.4' ],
21 silly audit   'whatwg-encoding': [ '1.0.5' ],
21 silly audit   'whatwg-fetch': [ '3.6.20' ],
21 silly audit   'whatwg-mimetype': [ '2.3.0' ],
21 silly audit   'which-boxed-primitive': [ '1.1.1' ],
21 silly audit   'which-builtin-type': [ '1.2.1' ],
21 silly audit   'which-collection': [ '1.0.2' ],
21 silly audit   'which-module': [ '2.0.1' ],
21 silly audit   'which-typed-array': [ '1.1.19' ],
21 silly audit   wildcard: [ '2.0.1' ],
21 silly audit   'word-wrap': [ '1.2.5' ],
21 silly audit   'workbox-background-sync': [ '6.6.0' ],
21 silly audit   'workbox-broadcast-update': [ '6.6.0' ],
21 silly audit   'workbox-build': [ '6.6.0' ],
21 silly audit   '@apideck/better-ajv-errors': [ '0.3.6' ],
21 silly audit   'workbox-cacheable-response': [ '6.6.0' ],
21 silly audit   'workbox-core': [ '6.6.0' ],
21 silly audit   'workbox-expiration': [ '6.6.0' ],
21 silly audit   'workbox-google-analytics': [ '6.6.0' ],
21 silly audit   'workbox-navigation-preload': [ '6.6.0' ],
21 silly audit   'workbox-precaching': [ '6.6.0' ],
21 silly audit   'workbox-range-requests': [ '6.6.0' ],
21 silly audit   'workbox-recipes': [ '6.6.0' ],
21 silly audit   'workbox-routing': [ '6.6.0' ],
21 silly audit   'workbox-strategies': [ '6.6.0' ],
21 silly audit   'workbox-streams': [ '6.6.0' ],
21 silly audit   'workbox-sw': [ '6.6.0' ],
21 silly audit   'workbox-webpack-plugin': [ '6.6.0' ],
21 silly audit   'workbox-window': [ '6.6.0' ],
21 silly audit   wrappy: [ '1.0.2' ],
21 silly audit   'xml-name-validator': [ '3.0.0' ],
21 silly audit   xmlchars: [ '2.2.0' ],
21 silly audit   'xmlhttprequest-ssl': [ '2.1.2' ],
21 silly audit   yallist: [ '3.1.1' ],
21 silly audit   yn: [ '3.1.1' ],
21 silly audit   'yocto-queue': [ '0.1.0' ],
21 silly audit   'stream-browserify': [ '3.0.0' ]
21 silly audit }
22 verbose reify failed optional dependency /data/data/com.termux/files/home/WalletLoginTemplate/node_modules/fsevents
23 silly reify mark deleted [
23 silly reify   '/data/data/com.termux/files/home/WalletLoginTemplate/node_modules/fsevents'
23 silly reify ]
24 http cache utf-8-validate@https://registry.npmjs.org/utf-8-validate/-/utf-8-validate-5.0.10.tgz 0ms (cache hit)
25 http cache bufferutil@https://registry.npmjs.org/bufferutil/-/bufferutil-4.0.9.tgz 0ms (cache hit)
26 info run bufferutil@4.0.9 install node_modules/bufferutil node-gyp-build
27 info run utf-8-validate@5.0.10 install node_modules/utf-8-validate node-gyp-build
28 http fetch POST 200 https://registry.npmjs.org/-/npm/v1/security/advisories/bulk 241ms
29 silly audit report {
29 silly audit report   axios: [
29 silly audit report     {
29 silly audit report       id: 1103617,
29 silly audit report       url: 'https://github.com/advisories/GHSA-jr5f-v2jv-69x6',
29 silly audit report       title: 'axios Requests Vulnerable To Possible SSRF and Credential Leakage via Absolute URL',
29 silly audit report       severity: 'high',
29 silly audit report       vulnerable_versions: '<0.30.0',
29 silly audit report       cwe: [Array],
29 silly audit report       cvss: [Object]
29 silly audit report     },
29 silly audit report     {
29 silly audit report       id: 1097679,
29 silly audit report       url: 'https://github.com/advisories/GHSA-wf5p-g6vw-rhxx',
29 silly audit report       title: 'Axios Cross-Site Request Forgery Vulnerability',
29 silly audit report       severity: 'moderate',
29 silly audit report       vulnerable_versions: '>=0.8.1 <0.28.0',
29 silly audit report       cwe: [Array],
29 silly audit report       cvss: [Object]
29 silly audit report     }
29 silly audit report   ],
29 silly audit report   'nth-check': [
29 silly audit report     {
29 silly audit report       id: 1095141,
29 silly audit report       url: 'https://github.com/advisories/GHSA-rp65-9cf3-cjxr',
29 silly audit report       title: 'Inefficient Regular Expression Complexity in nth-check',
29 silly audit report       severity: 'high',
29 silly audit report       vulnerable_versions: '<2.0.1',
29 silly audit report       cwe: [Array],
29 silly audit report       cvss: [Object]
29 silly audit report     }
29 silly audit report   ],
29 silly audit report   postcss: [
29 silly audit report     {
29 silly audit report       id: 1094544,
29 silly audit report       url: 'https://github.com/advisories/GHSA-7fh5-64p2-3v2j',
29 silly audit report       title: 'PostCSS line return parsing error',
29 silly audit report       severity: 'moderate',
29 silly audit report       vulnerable_versions: '<8.4.31',
29 silly audit report       cwe: [Array],
29 silly audit report       cvss: [Object]
29 silly audit report     }
29 silly audit report   ]
29 silly audit report }
30 silly packumentCache corgi:https://registry.npmjs.org/axios cache-miss
31 silly packumentCache corgi:https://registry.npmjs.org/nth-check cache-miss
32 silly packumentCache corgi:https://registry.npmjs.org/postcss cache-miss
33 http cache https://registry.npmjs.org/nth-check 55ms (cache hit)
34 silly packumentCache corgi:https://registry.npmjs.org/nth-check set size:10078 disposed:false
35 http cache https://registry.npmjs.org/axios 65ms (cache hit)
36 silly packumentCache corgi:https://registry.npmjs.org/axios set size:240321 disposed:false
37 http cache https://registry.npmjs.org/postcss 98ms (cache hit)
38 silly packumentCache corgi:https://registry.npmjs.org/postcss set size:334606 disposed:false
39 silly packumentCache corgi:https://registry.npmjs.org/@json-rpc-tools%2fprovider cache-miss
40 http cache https://registry.npmjs.org/@json-rpc-tools%2fprovider 29ms (cache hit)
41 silly packumentCache corgi:https://registry.npmjs.org/@json-rpc-tools%2fprovider set size:131301 disposed:false
42 silly packumentCache corgi:https://registry.npmjs.org/css-select cache-miss
43 http cache https://registry.npmjs.org/css-select 22ms (cache hit)
44 silly packumentCache corgi:https://registry.npmjs.org/css-select set size:44393 disposed:false
45 silly packumentCache corgi:https://registry.npmjs.org/resolve-url-loader cache-miss
46 http cache https://registry.npmjs.org/resolve-url-loader 35ms (cache hit)
47 silly packumentCache corgi:https://registry.npmjs.org/resolve-url-loader set size:61938 disposed:false
48 silly packumentCache corgi:https://registry.npmjs.org/eip1193-provider cache-miss
49 http cache https://registry.npmjs.org/eip1193-provider 31ms (cache hit)
50 silly packumentCache corgi:https://registry.npmjs.org/eip1193-provider set size:7129 disposed:false
51 silly packumentCache corgi:https://registry.npmjs.org/svgo cache-miss
52 http cache https://registry.npmjs.org/svgo 32ms (cache hit)
53 silly packumentCache corgi:https://registry.npmjs.org/svgo set size:130427 disposed:false
54 silly packumentCache corgi:https://registry.npmjs.org/react-scripts cache-miss
55 http cache https://registry.npmjs.org/react-scripts 33ms (cache hit)
56 silly packumentCache corgi:https://registry.npmjs.org/react-scripts set size:342451 disposed:false
57 silly packumentCache corgi:https://registry.npmjs.org/@blocto%2fsdk cache-miss
58 http cache https://registry.npmjs.org/@blocto%2fsdk 23ms (cache hit)
59 silly packumentCache corgi:https://registry.npmjs.org/@blocto%2fsdk set size:386755 disposed:false
60 silly packumentCache corgi:https://registry.npmjs.org/@svgr%2fplugin-svgo cache-miss
61 http cache https://registry.npmjs.org/@svgr%2fplugin-svgo 23ms (cache hit)
62 silly packumentCache corgi:https://registry.npmjs.org/@svgr%2fplugin-svgo set size:36570 disposed:false
63 silly packumentCache corgi:https://registry.npmjs.org/@craco%2fcraco cache-miss
64 http cache https://registry.npmjs.org/@craco%2fcraco 70ms (cache hit)
65 silly packumentCache corgi:https://registry.npmjs.org/@craco%2fcraco set size:129973 disposed:false
66 silly packumentCache corgi:https://registry.npmjs.org/@solana%2fwallet-adapter-blocto cache-miss
67 http cache https://registry.npmjs.org/@solana%2fwallet-adapter-blocto 20ms (cache hit)
68 silly packumentCache corgi:https://registry.npmjs.org/@solana%2fwallet-adapter-blocto set size:60713 disposed:false
69 silly packumentCache corgi:https://registry.npmjs.org/@svgr%2fwebpack cache-miss
70 http cache https://registry.npmjs.org/@svgr%2fwebpack 17ms (cache hit)
71 silly packumentCache corgi:https://registry.npmjs.org/@svgr%2fwebpack set size:85201 disposed:false
72 silly packumentCache corgi:https://registry.npmjs.org/@solana%2fwallet-adapter-wallets cache-miss
73 http cache https://registry.npmjs.org/@solana%2fwallet-adapter-wallets 32ms (cache hit)
74 silly packumentCache corgi:https://registry.npmjs.org/@solana%2fwallet-adapter-wallets set size:272408 disposed:false
75 info run utf-8-validate@5.0.10 install { code: 1, signal: null }
76 verbose reify failed optional dependency /data/data/com.termux/files/home/WalletLoginTemplate/node_modules/utf-8-validate
77 silly reify mark deleted [
77 silly reify   '/data/data/com.termux/files/home/WalletLoginTemplate/node_modules/utf-8-validate'
77 silly reify ]
78 info run bufferutil@4.0.9 install { code: 1, signal: null }
79 verbose reify failed optional dependency /data/data/com.termux/files/home/WalletLoginTemplate/node_modules/bufferutil
80 silly reify mark deleted [
80 silly reify   '/data/data/com.termux/files/home/WalletLoginTemplate/node_modules/bufferutil'
80 silly reify ]
81 silly ADD
82 silly ADD
83 silly ADD
84 verbose cwd /data/data/com.termux/files/home/WalletLoginTemplate
85 verbose os Linux 5.15.148-android13-8-29832239
86 verbose node v23.11.0
87 verbose npm  v10.9.2
88 verbose exit 0
89 info ok
